[ 2017-04-28T00:04:33+08:00 ] 127.0.0.1 /
INFO: [ app_init ] --START--
INFO: Run Behavior\BuildLiteBehavior [ RunTime:0.000000s ]
INFO: [ app_init ] --END-- [ RunTime:0.005000s ]
INFO: [ app_begin ] --START--
INFO: Run Behavior\ReadHtmlCacheBehavior [ RunTime:0.007001s ]
INFO: [ app_begin ] --END-- [ RunTime:0.007001s ]
SQL: SHOW COLUMNS FROM `it_goods` [ RunTime:0.0640s ]
NOTIC: [8] Undefined variable: sum D:\WWW\ecshop\App\Admin\Model\GoodsModel.class.php 第 104 行.
SQL: SELECT `id`,`goods_name`,`goods_thumb`,`shop_price` FROM `it_goods` WHERE ( is_new=1 and is_sale=1 and is_delete=0 ) ORDER BY id desc  [ RunTime:0.0040s ]
NOTIC: [8] Undefined variable: sum D:\WWW\ecshop\App\Admin\Model\GoodsModel.class.php 第 104 行.
SQL: SELECT `id`,`goods_name`,`goods_thumb`,`shop_price` FROM `it_goods` WHERE ( is_hot=1 and is_sale=1 and is_delete=0 ) ORDER BY id desc  [ RunTime:0.0030s ]
NOTIC: [8] Undefined variable: sum D:\WWW\ecshop\App\Admin\Model\GoodsModel.class.php 第 104 行.
SQL: SELECT `id`,`goods_name`,`goods_thumb`,`shop_price` FROM `it_goods` WHERE ( is_best=1 and is_sale=1 and is_delete=0 ) ORDER BY id desc  [ RunTime:0.0110s ]
SQL: SHOW COLUMNS FROM `it_category` [ RunTime:0.0490s ]
SQL: SELECT * FROM `it_category`  [ RunTime:0.0030s ]
INFO: [ view_parse ] --START--
INFO: [ template_filter ] --START--
INFO: Run Behavior\ContentReplaceBehavior [ RunTime:0.002000s ]
INFO: [ template_filter ] --END-- [ RunTime:0.002000s ]
INFO: Run Behavior\ParseTemplateBehavior [ RunTime:0.355020s ]
INFO: [ view_parse ] --END-- [ RunTime:0.355020s ]
INFO: [ view_filter ] --START--
INFO: Run Behavior\WriteHtmlCacheBehavior [ RunTime:0.005001s ]
INFO: [ view_filter ] --END-- [ RunTime:0.006001s ]
INFO: [ app_end ] --START--
INFO: Run Behavior\ShowPageTraceBehavior [ RunTime:0.008000s ]
INFO: [ app_end ] --END-- [ RunTime:0.008000s ]

[ 2017-04-28T17:39:17+08:00 ] 127.0.0.1 /
INFO: [ app_init ] --START--
INFO: Run Behavior\BuildLiteBehavior [ RunTime:0.000000s ]
INFO: [ app_init ] --END-- [ RunTime:0.432025s ]
INFO: [ app_begin ] --START--
INFO: Run Behavior\ReadHtmlCacheBehavior [ RunTime:0.196012s ]
INFO: [ app_begin ] --END-- [ RunTime:0.198012s ]
SQL: SHOW COLUMNS FROM `it_goods` [ RunTime:0.1610s ]
NOTIC: [8] Undefined variable: sum D:\WWW\ecshop\App\Admin\Model\GoodsModel.class.php 第 104 行.
SQL: SELECT `id`,`goods_name`,`goods_thumb`,`shop_price` FROM `it_goods` WHERE ( is_new=1 and is_sale=1 and is_delete=0 ) ORDER BY id desc  [ RunTime:0.0030s ]
NOTIC: [8] Undefined variable: sum D:\WWW\ecshop\App\Admin\Model\GoodsModel.class.php 第 104 行.
SQL: SELECT `id`,`goods_name`,`goods_thumb`,`shop_price` FROM `it_goods` WHERE ( is_hot=1 and is_sale=1 and is_delete=0 ) ORDER BY id desc  [ RunTime:0.0060s ]
NOTIC: [8] Undefined variable: sum D:\WWW\ecshop\App\Admin\Model\GoodsModel.class.php 第 104 行.
SQL: SELECT `id`,`goods_name`,`goods_thumb`,`shop_price` FROM `it_goods` WHERE ( is_best=1 and is_sale=1 and is_delete=0 ) ORDER BY id desc  [ RunTime:0.0030s ]
SQL: SHOW COLUMNS FROM `it_category` [ RunTime:0.0740s ]
SQL: SELECT * FROM `it_category`  [ RunTime:0.0060s ]
INFO: [ view_parse ] --START--
INFO: [ template_filter ] --START--
INFO: Run Behavior\ContentReplaceBehavior [ RunTime:0.002000s ]
INFO: [ template_filter ] --END-- [ RunTime:0.002000s ]
INFO: Run Behavior\ParseTemplateBehavior [ RunTime:0.477027s ]
INFO: [ view_parse ] --END-- [ RunTime:0.477027s ]
INFO: [ view_filter ] --START--
INFO: Run Behavior\WriteHtmlCacheBehavior [ RunTime:0.026002s ]
INFO: [ view_filter ] --END-- [ RunTime:0.026002s ]
INFO: [ app_end ] --START--
INFO: Run Behavior\ShowPageTraceBehavior [ RunTime:0.064004s ]
INFO: [ app_end ] --END-- [ RunTime:0.065004s ]

[ 2017-04-28T17:39:23+08:00 ] 127.0.0.1 /
INFO: [ app_init ] --START--
INFO: Run Behavior\BuildLiteBehavior [ RunTime:0.000000s ]
INFO: [ app_init ] --END-- [ RunTime:0.004000s ]
INFO: [ app_begin ] --START--
INFO: Run Behavior\ReadHtmlCacheBehavior [ RunTime:0.004000s ]
INFO: [ app_begin ] --END-- [ RunTime:0.005000s ]
SQL: SHOW COLUMNS FROM `it_goods` [ RunTime:0.0360s ]
NOTIC: [8] Undefined variable: sum D:\WWW\ecshop\App\Admin\Model\GoodsModel.class.php 第 104 行.
SQL: SELECT `id`,`goods_name`,`goods_thumb`,`shop_price` FROM `it_goods` WHERE ( is_new=1 and is_sale=1 and is_delete=0 ) ORDER BY id desc  [ RunTime:0.0030s ]
NOTIC: [8] Undefined variable: sum D:\WWW\ecshop\App\Admin\Model\GoodsModel.class.php 第 104 行.
SQL: SELECT `id`,`goods_name`,`goods_thumb`,`shop_price` FROM `it_goods` WHERE ( is_hot=1 and is_sale=1 and is_delete=0 ) ORDER BY id desc  [ RunTime:0.0020s ]
NOTIC: [8] Undefined variable: sum D:\WWW\ecshop\App\Admin\Model\GoodsModel.class.php 第 104 行.
SQL: SELECT `id`,`goods_name`,`goods_thumb`,`shop_price` FROM `it_goods` WHERE ( is_best=1 and is_sale=1 and is_delete=0 ) ORDER BY id desc  [ RunTime:0.0020s ]
SQL: SHOW COLUMNS FROM `it_category` [ RunTime:0.0260s ]
SQL: SELECT * FROM `it_category`  [ RunTime:0.0020s ]
INFO: [ view_parse ] --START--
INFO: [ template_filter ] --START--
INFO: Run Behavior\ContentReplaceBehavior [ RunTime:0.002000s ]
INFO: [ template_filter ] --END-- [ RunTime:0.002000s ]
INFO: Run Behavior\ParseTemplateBehavior [ RunTime:0.170009s ]
INFO: [ view_parse ] --END-- [ RunTime:0.170009s ]
INFO: [ view_filter ] --START--
INFO: Run Behavior\WriteHtmlCacheBehavior [ RunTime:0.004001s ]
INFO: [ view_filter ] --END-- [ RunTime:0.004001s ]
INFO: [ app_end ] --START--
INFO: Run Behavior\ShowPageTraceBehavior [ RunTime:0.006000s ]
INFO: [ app_end ] --END-- [ RunTime:0.008000s ]

