[ 2017-04-21T10:02:20+08:00 ] 127.0.0.1 /Home/Index/index.html
INFO: [ app_init ] --START--
INFO: Run Behavior\BuildLiteBehavior [ RunTime:0.000000s ]
INFO: [ app_init ] --END-- [ RunTime:0.004000s ]
INFO: [ app_begin ] --START--
INFO: Run Behavior\ReadHtmlCacheBehavior [ RunTime:0.017001s ]
INFO: [ app_begin ] --END-- [ RunTime:0.017001s ]
SQL: SHOW COLUMNS FROM `it_goods` [ RunTime:0.0340s ]
NOTIC: [8] Undefined variable: sum D:\WWW\ecshop\App\Admin\Model\GoodsModel.class.php 第 104 行.
SQL: SELECT `id`,`goods_name`,`goods_thumb`,`shop_price` FROM `it_goods` WHERE ( is_new=1 and is_sale=1 and is_delete=0 ) ORDER BY id desc  [ RunTime:0.0030s ]
NOTIC: [8] Undefined variable: sum D:\WWW\ecshop\App\Admin\Model\GoodsModel.class.php 第 104 行.
SQL: SELECT `id`,`goods_name`,`goods_thumb`,`shop_price` FROM `it_goods` WHERE ( is_hot=1 and is_sale=1 and is_delete=0 ) ORDER BY id desc  [ RunTime:0.0020s ]
NOTIC: [8] Undefined variable: sum D:\WWW\ecshop\App\Admin\Model\GoodsModel.class.php 第 104 行.
SQL: SELECT `id`,`goods_name`,`goods_thumb`,`shop_price` FROM `it_goods` WHERE ( is_best=1 and is_sale=1 and is_delete=0 ) ORDER BY id desc  [ RunTime:0.0020s ]
SQL: SHOW COLUMNS FROM `it_category` [ RunTime:0.0410s ]
SQL: SELECT * FROM `it_category`  [ RunTime:0.0030s ]
INFO: [ view_parse ] --START--
INFO: [ template_filter ] --START--
INFO: Run Behavior\ContentReplaceBehavior [ RunTime:0.002000s ]
INFO: [ template_filter ] --END-- [ RunTime:0.002000s ]
INFO: Run Behavior\ParseTemplateBehavior [ RunTime:0.173010s ]
INFO: [ view_parse ] --END-- [ RunTime:0.175010s ]
INFO: [ view_filter ] --START--
INFO: Run Behavior\WriteHtmlCacheBehavior [ RunTime:0.003001s ]
INFO: [ view_filter ] --END-- [ RunTime:0.003001s ]
INFO: [ app_end ] --START--
INFO: Run Behavior\ShowPageTraceBehavior [ RunTime:0.011000s ]
INFO: [ app_end ] --END-- [ RunTime:0.012000s ]

[ 2017-04-21T10:02:28+08:00 ] 127.0.0.1 /Home/Index/detail/id/2.html
INFO: [ app_init ] --START--
INFO: Run Behavior\BuildLiteBehavior [ RunTime:0.000000s ]
INFO: [ app_init ] --END-- [ RunTime:0.003000s ]
INFO: [ app_begin ] --START--
INFO: Run Behavior\ReadHtmlCacheBehavior [ RunTime:0.005001s ]
INFO: [ app_begin ] --END-- [ RunTime:0.005001s ]
SQL: SHOW COLUMNS FROM `it_goods` [ RunTime:0.0290s ]
SQL: SELECT `id`,`goods_name`,`goods_img`,`goods_sn`,`shop_price`,`add_time` FROM `it_goods` WHERE `id` = 2 LIMIT 1   [ RunTime:0.0010s ]
INFO: [ view_parse ] --START--
INFO: [ template_filter ] --START--
INFO: Run Behavior\ContentReplaceBehavior [ RunTime:0.002000s ]
INFO: [ template_filter ] --END-- [ RunTime:0.002000s ]
NOTIC: [8] Undefined variable: catedata D:\WWW\ecshop\App\Runtime\Cache\Home\56563fb70bfd45c5e738bfc14042f337.php 第 170 行.
NOTIC: [2] Invalid argument supplied for foreach() D:\WWW\ecshop\App\Runtime\Cache\Home\56563fb70bfd45c5e738bfc14042f337.php 第 170 行.
NOTIC: [8] Undefined index: goods_ori D:\WWW\ecshop\App\Runtime\Cache\Home\56563fb70bfd45c5e738bfc14042f337.php 第 405 行.
NOTIC: [8] Undefined variable: radiodata D:\WWW\ecshop\App\Runtime\Cache\Home\56563fb70bfd45c5e738bfc14042f337.php 第 476 行.
NOTIC: [2] Invalid argument supplied for foreach() D:\WWW\ecshop\App\Runtime\Cache\Home\56563fb70bfd45c5e738bfc14042f337.php 第 476 行.
NOTIC: [8] Undefined variable: uniquedata D:\WWW\ecshop\App\Runtime\Cache\Home\56563fb70bfd45c5e738bfc14042f337.php 第 531 行.
NOTIC: [2] Invalid argument supplied for foreach() D:\WWW\ecshop\App\Runtime\Cache\Home\56563fb70bfd45c5e738bfc14042f337.php 第 531 行.
INFO: Run Behavior\ParseTemplateBehavior [ RunTime:0.140008s ]
INFO: [ view_parse ] --END-- [ RunTime:0.140008s ]
INFO: [ view_filter ] --START--
INFO: Run Behavior\WriteHtmlCacheBehavior [ RunTime:0.003000s ]
INFO: [ view_filter ] --END-- [ RunTime:0.003000s ]
INFO: [ app_end ] --START--
INFO: Run Behavior\ShowPageTraceBehavior [ RunTime:0.019001s ]
INFO: [ app_end ] --END-- [ RunTime:0.019001s ]

[ 2017-04-21T10:03:23+08:00 ] 127.0.0.1 /Home/Index/detail/id/2.html
INFO: [ app_init ] --START--
INFO: Run Behavior\BuildLiteBehavior [ RunTime:0.000000s ]
INFO: [ app_init ] --END-- [ RunTime:0.004000s ]
INFO: [ app_begin ] --START--
INFO: Run Behavior\ReadHtmlCacheBehavior [ RunTime:0.005000s ]
INFO: [ app_begin ] --END-- [ RunTime:0.006000s ]
SQL: SHOW COLUMNS FROM `it_goods` [ RunTime:0.0240s ]
SQL: SELECT `id`,`goods_name`,`goods_img`,`goods_sn`,`shop_price`,`add_time` FROM `it_goods` WHERE `id` = 2 LIMIT 1   [ RunTime:0.0030s ]
INFO: [ view_parse ] --START--
INFO: [ template_filter ] --START--
INFO: Run Behavior\ContentReplaceBehavior [ RunTime:0.002000s ]
INFO: [ template_filter ] --END-- [ RunTime:0.002000s ]
NOTIC: [8] Undefined variable: catedata D:\WWW\ecshop\App\Runtime\Cache\Home\56563fb70bfd45c5e738bfc14042f337.php 第 170 行.
NOTIC: [2] Invalid argument supplied for foreach() D:\WWW\ecshop\App\Runtime\Cache\Home\56563fb70bfd45c5e738bfc14042f337.php 第 170 行.
NOTIC: [8] Undefined index: goods_ori D:\WWW\ecshop\App\Runtime\Cache\Home\56563fb70bfd45c5e738bfc14042f337.php 第 405 行.
NOTIC: [8] Undefined variable: radiodata D:\WWW\ecshop\App\Runtime\Cache\Home\56563fb70bfd45c5e738bfc14042f337.php 第 476 行.
NOTIC: [2] Invalid argument supplied for foreach() D:\WWW\ecshop\App\Runtime\Cache\Home\56563fb70bfd45c5e738bfc14042f337.php 第 476 行.
NOTIC: [8] Undefined variable: uniquedata D:\WWW\ecshop\App\Runtime\Cache\Home\56563fb70bfd45c5e738bfc14042f337.php 第 531 行.
NOTIC: [2] Invalid argument supplied for foreach() D:\WWW\ecshop\App\Runtime\Cache\Home\56563fb70bfd45c5e738bfc14042f337.php 第 531 行.
INFO: Run Behavior\ParseTemplateBehavior [ RunTime:0.141008s ]
INFO: [ view_parse ] --END-- [ RunTime:0.141008s ]
INFO: [ view_filter ] --START--
INFO: Run Behavior\WriteHtmlCacheBehavior [ RunTime:0.002000s ]
INFO: [ view_filter ] --END-- [ RunTime:0.003000s ]
INFO: [ app_end ] --START--
INFO: Run Behavior\ShowPageTraceBehavior [ RunTime:0.024001s ]
INFO: [ app_end ] --END-- [ RunTime:0.024001s ]

[ 2017-04-21T10:03:41+08:00 ] 127.0.0.1 /Home/Index/detail/id/2.html
INFO: [ app_init ] --START--
INFO: Run Behavior\BuildLiteBehavior [ RunTime:0.000000s ]
INFO: [ app_init ] --END-- [ RunTime:0.005001s ]
INFO: [ app_begin ] --START--
INFO: Run Behavior\ReadHtmlCacheBehavior [ RunTime:0.005000s ]
INFO: [ app_begin ] --END-- [ RunTime:0.006000s ]
SQL: SHOW COLUMNS FROM `it_goods` [ RunTime:0.0350s ]
SQL: SELECT `id`,`goods_name`,`goods_img`,`goods_sn`,`shop_price`,`add_time` FROM `it_goods` WHERE `id` = 2 LIMIT 1   [ RunTime:0.0020s ]
INFO: [ view_parse ] --START--
INFO: [ template_filter ] --START--
INFO: Run Behavior\ContentReplaceBehavior [ RunTime:0.002000s ]
INFO: [ template_filter ] --END-- [ RunTime:0.003000s ]
NOTIC: [8] Undefined variable: catedata D:\WWW\ecshop\App\Runtime\Cache\Home\56563fb70bfd45c5e738bfc14042f337.php 第 170 行.
NOTIC: [2] Invalid argument supplied for foreach() D:\WWW\ecshop\App\Runtime\Cache\Home\56563fb70bfd45c5e738bfc14042f337.php 第 170 行.
NOTIC: [8] Undefined index: goods_ori D:\WWW\ecshop\App\Runtime\Cache\Home\56563fb70bfd45c5e738bfc14042f337.php 第 405 行.
NOTIC: [8] Undefined variable: radiodata D:\WWW\ecshop\App\Runtime\Cache\Home\56563fb70bfd45c5e738bfc14042f337.php 第 476 行.
NOTIC: [2] Invalid argument supplied for foreach() D:\WWW\ecshop\App\Runtime\Cache\Home\56563fb70bfd45c5e738bfc14042f337.php 第 476 行.
NOTIC: [8] Undefined variable: uniquedata D:\WWW\ecshop\App\Runtime\Cache\Home\56563fb70bfd45c5e738bfc14042f337.php 第 531 行.
NOTIC: [2] Invalid argument supplied for foreach() D:\WWW\ecshop\App\Runtime\Cache\Home\56563fb70bfd45c5e738bfc14042f337.php 第 531 行.
INFO: Run Behavior\ParseTemplateBehavior [ RunTime:0.140008s ]
INFO: [ view_parse ] --END-- [ RunTime:0.142008s ]
INFO: [ view_filter ] --START--
INFO: Run Behavior\WriteHtmlCacheBehavior [ RunTime:0.004000s ]
INFO: [ view_filter ] --END-- [ RunTime:0.004000s ]
INFO: [ app_end ] --START--
INFO: Run Behavior\ShowPageTraceBehavior [ RunTime:0.005000s ]
INFO: [ app_end ] --END-- [ RunTime:0.005000s ]

[ 2017-04-21T10:03:49+08:00 ] 127.0.0.1 /Home/Index/detail/id/2.html
INFO: [ app_init ] --START--
INFO: Run Behavior\BuildLiteBehavior [ RunTime:0.000000s ]
INFO: [ app_init ] --END-- [ RunTime:0.004001s ]
INFO: [ app_begin ] --START--
INFO: Run Behavior\ReadHtmlCacheBehavior [ RunTime:0.005000s ]
INFO: [ app_begin ] --END-- [ RunTime:0.005000s ]
SQL: SHOW COLUMNS FROM `it_goods` [ RunTime:0.0280s ]
SQL: SELECT `id`,`goods_name`,`goods_img`,`goods_sn`,`shop_price`,`add_time` FROM `it_goods` WHERE `id` = 2 LIMIT 1   [ RunTime:0.0020s ]
INFO: [ view_parse ] --START--
INFO: [ template_filter ] --START--
INFO: Run Behavior\ContentReplaceBehavior [ RunTime:0.010000s ]
INFO: [ template_filter ] --END-- [ RunTime:0.011000s ]
NOTIC: [8] Undefined variable: catedata D:\WWW\ecshop\App\Runtime\Cache\Home\56563fb70bfd45c5e738bfc14042f337.php 第 170 行.
NOTIC: [2] Invalid argument supplied for foreach() D:\WWW\ecshop\App\Runtime\Cache\Home\56563fb70bfd45c5e738bfc14042f337.php 第 170 行.
NOTIC: [8] Undefined index: goods_ori D:\WWW\ecshop\App\Runtime\Cache\Home\56563fb70bfd45c5e738bfc14042f337.php 第 405 行.
NOTIC: [8] Undefined variable: radiodata D:\WWW\ecshop\App\Runtime\Cache\Home\56563fb70bfd45c5e738bfc14042f337.php 第 476 行.
NOTIC: [2] Invalid argument supplied for foreach() D:\WWW\ecshop\App\Runtime\Cache\Home\56563fb70bfd45c5e738bfc14042f337.php 第 476 行.
NOTIC: [8] Undefined variable: uniquedata D:\WWW\ecshop\App\Runtime\Cache\Home\56563fb70bfd45c5e738bfc14042f337.php 第 531 行.
NOTIC: [2] Invalid argument supplied for foreach() D:\WWW\ecshop\App\Runtime\Cache\Home\56563fb70bfd45c5e738bfc14042f337.php 第 531 行.
INFO: Run Behavior\ParseTemplateBehavior [ RunTime:0.176010s ]
INFO: [ view_parse ] --END-- [ RunTime:0.177010s ]
INFO: [ view_filter ] --START--
INFO: Run Behavior\WriteHtmlCacheBehavior [ RunTime:0.003000s ]
INFO: [ view_filter ] --END-- [ RunTime:0.003000s ]
INFO: [ app_end ] --START--
INFO: Run Behavior\ShowPageTraceBehavior [ RunTime:0.009001s ]
INFO: [ app_end ] --END-- [ RunTime:0.010001s ]

[ 2017-04-21T10:04:01+08:00 ] 127.0.0.1 /Home/Index/detail/id/images/preview_m2.jpg
INFO: [ app_init ] --START--
INFO: Run Behavior\BuildLiteBehavior [ RunTime:0.000000s ]
INFO: [ app_init ] --END-- [ RunTime:0.003001s ]

[ 2017-04-21T10:04:01+08:00 ] 127.0.0.1 /Home/Index/detail/id/images/preview_l2.jpg
INFO: [ app_init ] --START--
INFO: Run Behavior\BuildLiteBehavior [ RunTime:0.000000s ]
INFO: [ app_init ] --END-- [ RunTime:0.002001s ]

[ 2017-04-21T10:04:07+08:00 ] 127.0.0.1 /Home/Index/detail/id/images/preview_m1.jpg
INFO: [ app_init ] --START--
INFO: Run Behavior\BuildLiteBehavior [ RunTime:0.001000s ]
INFO: [ app_init ] --END-- [ RunTime:0.006000s ]

[ 2017-04-21T10:04:07+08:00 ] 127.0.0.1 /Home/Index/detail/id/images/preview_l1.jpg
INFO: [ app_init ] --START--
INFO: Run Behavior\BuildLiteBehavior [ RunTime:0.001000s ]
INFO: [ app_init ] --END-- [ RunTime:0.005000s ]

[ 2017-04-21T10:09:19+08:00 ] 127.0.0.1 /Home/Index/detail/id/2.html
INFO: [ app_init ] --START--
INFO: Run Behavior\BuildLiteBehavior [ RunTime:0.001000s ]
INFO: [ app_init ] --END-- [ RunTime:0.006001s ]
INFO: [ app_begin ] --START--
INFO: Run Behavior\ReadHtmlCacheBehavior [ RunTime:0.009001s ]
INFO: [ app_begin ] --END-- [ RunTime:0.009001s ]
SQL: SHOW COLUMNS FROM `it_goods` [ RunTime:0.0290s ]
SQL: SELECT `id`,`goods_name`,`goods_img`,`goods_sn`,`shop_price`,`add_time`,`goods_ori` FROM `it_goods` WHERE `id` = 2 LIMIT 1   [ RunTime:0.0020s ]
INFO: [ view_parse ] --START--
INFO: [ template_filter ] --START--
INFO: Run Behavior\ContentReplaceBehavior [ RunTime:0.002000s ]
INFO: [ template_filter ] --END-- [ RunTime:0.003000s ]
NOTIC: [8] Undefined variable: catedata D:\WWW\ecshop\App\Runtime\Cache\Home\56563fb70bfd45c5e738bfc14042f337.php 第 170 行.
NOTIC: [2] Invalid argument supplied for foreach() D:\WWW\ecshop\App\Runtime\Cache\Home\56563fb70bfd45c5e738bfc14042f337.php 第 170 行.
NOTIC: [8] Undefined variable: radiodata D:\WWW\ecshop\App\Runtime\Cache\Home\56563fb70bfd45c5e738bfc14042f337.php 第 476 行.
NOTIC: [2] Invalid argument supplied for foreach() D:\WWW\ecshop\App\Runtime\Cache\Home\56563fb70bfd45c5e738bfc14042f337.php 第 476 行.
NOTIC: [8] Undefined variable: uniquedata D:\WWW\ecshop\App\Runtime\Cache\Home\56563fb70bfd45c5e738bfc14042f337.php 第 531 行.
NOTIC: [2] Invalid argument supplied for foreach() D:\WWW\ecshop\App\Runtime\Cache\Home\56563fb70bfd45c5e738bfc14042f337.php 第 531 行.
INFO: Run Behavior\ParseTemplateBehavior [ RunTime:0.142008s ]
INFO: [ view_parse ] --END-- [ RunTime:0.143008s ]
INFO: [ view_filter ] --START--
INFO: Run Behavior\WriteHtmlCacheBehavior [ RunTime:0.002000s ]
INFO: [ view_filter ] --END-- [ RunTime:0.003000s ]
INFO: [ app_end ] --START--
INFO: Run Behavior\ShowPageTraceBehavior [ RunTime:0.006001s ]
INFO: [ app_end ] --END-- [ RunTime:0.007001s ]

[ 2017-04-21T10:31:39+08:00 ] 127.0.0.1 /Home/Index/detail/id/2.html
INFO: [ app_init ] --START--
INFO: Run Behavior\BuildLiteBehavior [ RunTime:0.000000s ]
INFO: [ app_init ] --END-- [ RunTime:0.009001s ]
INFO: [ app_begin ] --START--
INFO: Run Behavior\ReadHtmlCacheBehavior [ RunTime:0.006000s ]
INFO: [ app_begin ] --END-- [ RunTime:0.006000s ]
SQL: SHOW COLUMNS FROM `it_goods` [ RunTime:0.0420s ]
SQL: SELECT `id`,`goods_name`,`goods_img`,`goods_sn`,`shop_price`,`add_time`,`goods_ori` FROM `it_goods` WHERE `id` = 2 LIMIT 1   [ RunTime:0.0040s ]
SQL: SHOW COLUMNS FROM `it_goods_attr` [ RunTime:0.0390s ]
SQL: SELECT a.*,b.attr_name,b.attr_type FROM `it_goods_attr` a left join it_attribute b on a.goods_attr_id=b.id  WHERE ( a.goods_id=2 )  [ RunTime:0.0060s ]
INFO: [ view_parse ] --START--
INFO: [ template_filter ] --START--
INFO: Run Behavior\ContentReplaceBehavior [ RunTime:0.003000s ]
INFO: [ template_filter ] --END-- [ RunTime:0.004000s ]
NOTIC: [8] Undefined variable: catedata D:\WWW\ecshop\App\Runtime\Cache\Home\56563fb70bfd45c5e738bfc14042f337.php 第 170 行.
NOTIC: [2] Invalid argument supplied for foreach() D:\WWW\ecshop\App\Runtime\Cache\Home\56563fb70bfd45c5e738bfc14042f337.php 第 170 行.
NOTIC: [8] Undefined variable: radiodata D:\WWW\ecshop\App\Runtime\Cache\Home\56563fb70bfd45c5e738bfc14042f337.php 第 476 行.
NOTIC: [2] Invalid argument supplied for foreach() D:\WWW\ecshop\App\Runtime\Cache\Home\56563fb70bfd45c5e738bfc14042f337.php 第 476 行.
NOTIC: [8] Undefined variable: uniquedata D:\WWW\ecshop\App\Runtime\Cache\Home\56563fb70bfd45c5e738bfc14042f337.php 第 531 行.
NOTIC: [2] Invalid argument supplied for foreach() D:\WWW\ecshop\App\Runtime\Cache\Home\56563fb70bfd45c5e738bfc14042f337.php 第 531 行.
INFO: Run Behavior\ParseTemplateBehavior [ RunTime:0.254015s ]
INFO: [ view_parse ] --END-- [ RunTime:0.254015s ]
INFO: [ view_filter ] --START--
INFO: Run Behavior\WriteHtmlCacheBehavior [ RunTime:0.005000s ]
INFO: [ view_filter ] --END-- [ RunTime:0.006000s ]
INFO: [ app_end ] --START--
INFO: Run Behavior\ShowPageTraceBehavior [ RunTime:0.013001s ]
INFO: [ app_end ] --END-- [ RunTime:0.014001s ]

[ 2017-04-21T10:31:53+08:00 ] 127.0.0.1 /Home/Index/detail/id/2.html
INFO: [ app_init ] --START--
INFO: Run Behavior\BuildLiteBehavior [ RunTime:0.000000s ]
INFO: [ app_init ] --END-- [ RunTime:0.004000s ]
INFO: [ app_begin ] --START--
INFO: Run Behavior\ReadHtmlCacheBehavior [ RunTime:0.006000s ]
INFO: [ app_begin ] --END-- [ RunTime:0.006000s ]
SQL: SHOW COLUMNS FROM `it_goods` [ RunTime:0.0300s ]
SQL: SELECT `id`,`goods_name`,`goods_img`,`goods_sn`,`shop_price`,`add_time`,`goods_ori` FROM `it_goods` WHERE `id` = 2 LIMIT 1   [ RunTime:0.0020s ]
SQL: SHOW COLUMNS FROM `it_goods_attr` [ RunTime:0.0380s ]
SQL: SELECT a.*,b.attr_name,b.attr_type FROM `it_goods_attr` a left join it_attribute b on a.goods_attr_id=b.id  WHERE ( a.goods_id=2 )  [ RunTime:0.0030s ]
INFO: [ view_parse ] --START--
INFO: [ template_filter ] --START--
INFO: Run Behavior\ContentReplaceBehavior [ RunTime:0.002000s ]
INFO: [ template_filter ] --END-- [ RunTime:0.004000s ]
NOTIC: [8] Undefined variable: catedata D:\WWW\ecshop\App\Runtime\Cache\Home\56563fb70bfd45c5e738bfc14042f337.php 第 170 行.
NOTIC: [2] Invalid argument supplied for foreach() D:\WWW\ecshop\App\Runtime\Cache\Home\56563fb70bfd45c5e738bfc14042f337.php 第 170 行.
NOTIC: [8] Undefined variable: radiodata D:\WWW\ecshop\App\Runtime\Cache\Home\56563fb70bfd45c5e738bfc14042f337.php 第 476 行.
NOTIC: [2] Invalid argument supplied for foreach() D:\WWW\ecshop\App\Runtime\Cache\Home\56563fb70bfd45c5e738bfc14042f337.php 第 476 行.
NOTIC: [8] Undefined variable: uniquedata D:\WWW\ecshop\App\Runtime\Cache\Home\56563fb70bfd45c5e738bfc14042f337.php 第 531 行.
NOTIC: [2] Invalid argument supplied for foreach() D:\WWW\ecshop\App\Runtime\Cache\Home\56563fb70bfd45c5e738bfc14042f337.php 第 531 行.
INFO: Run Behavior\ParseTemplateBehavior [ RunTime:0.192011s ]
INFO: [ view_parse ] --END-- [ RunTime:0.192011s ]
INFO: [ view_filter ] --START--
INFO: Run Behavior\WriteHtmlCacheBehavior [ RunTime:0.003000s ]
INFO: [ view_filter ] --END-- [ RunTime:0.004000s ]
INFO: [ app_end ] --START--
INFO: Run Behavior\ShowPageTraceBehavior [ RunTime:0.004000s ]
INFO: [ app_end ] --END-- [ RunTime:0.004000s ]

[ 2017-04-21T10:40:20+08:00 ] 127.0.0.1 /Home/Index/detail/id/2.html
INFO: [ app_init ] --START--
INFO: Run Behavior\BuildLiteBehavior [ RunTime:0.001000s ]
INFO: [ app_init ] --END-- [ RunTime:0.005000s ]
INFO: [ app_begin ] --START--
INFO: Run Behavior\ReadHtmlCacheBehavior [ RunTime:0.007000s ]
INFO: [ app_begin ] --END-- [ RunTime:0.007000s ]
SQL: SHOW COLUMNS FROM `it_goods` [ RunTime:0.0330s ]
SQL: SELECT `id`,`goods_name`,`goods_img`,`goods_sn`,`shop_price`,`add_time`,`goods_ori` FROM `it_goods` WHERE `id` = 2 LIMIT 1   [ RunTime:0.0050s ]
SQL: SHOW COLUMNS FROM `it_goods_attr` [ RunTime:0.0340s ]
SQL: SELECT a.*,b.attr_name,b.attr_type FROM `it_goods_attr` a left join it_attribute b on a.goods_attr_id=b.id  WHERE ( a.goods_id=2 )  [ RunTime:0.0040s ]
INFO: [ view_parse ] --START--
INFO: [ template_filter ] --START--
INFO: Run Behavior\ContentReplaceBehavior [ RunTime:0.002000s ]
INFO: [ template_filter ] --END-- [ RunTime:0.003000s ]
NOTIC: [8] Undefined variable: catedata D:\WWW\ecshop\App\Runtime\Cache\Home\56563fb70bfd45c5e738bfc14042f337.php 第 170 行.
NOTIC: [2] Invalid argument supplied for foreach() D:\WWW\ecshop\App\Runtime\Cache\Home\56563fb70bfd45c5e738bfc14042f337.php 第 170 行.
NOTIC: [8] Undefined index: attr_name D:\WWW\ecshop\App\Runtime\Cache\Home\56563fb70bfd45c5e738bfc14042f337.php 第 532 行.
NOTIC: [8] Undefined index: attr_value D:\WWW\ecshop\App\Runtime\Cache\Home\56563fb70bfd45c5e738bfc14042f337.php 第 532 行.
NOTIC: [8] Undefined index: attr_name D:\WWW\ecshop\App\Runtime\Cache\Home\56563fb70bfd45c5e738bfc14042f337.php 第 532 行.
NOTIC: [8] Undefined index: attr_value D:\WWW\ecshop\App\Runtime\Cache\Home\56563fb70bfd45c5e738bfc14042f337.php 第 532 行.
NOTIC: [8] Undefined index: attr_name D:\WWW\ecshop\App\Runtime\Cache\Home\56563fb70bfd45c5e738bfc14042f337.php 第 532 行.
NOTIC: [8] Undefined index: attr_value D:\WWW\ecshop\App\Runtime\Cache\Home\56563fb70bfd45c5e738bfc14042f337.php 第 532 行.
INFO: Run Behavior\ParseTemplateBehavior [ RunTime:0.147009s ]
INFO: [ view_parse ] --END-- [ RunTime:0.148009s ]
INFO: [ view_filter ] --START--
INFO: Run Behavior\WriteHtmlCacheBehavior [ RunTime:0.003000s ]
INFO: [ view_filter ] --END-- [ RunTime:0.003000s ]
INFO: [ app_end ] --START--
INFO: Run Behavior\ShowPageTraceBehavior [ RunTime:0.029002s ]
INFO: [ app_end ] --END-- [ RunTime:0.029002s ]

[ 2017-04-21T11:06:28+08:00 ] 127.0.0.1 /Home/Index/detail/id/2.html
INFO: [ app_init ] --START--
INFO: Run Behavior\BuildLiteBehavior [ RunTime:0.000000s ]
INFO: [ app_init ] --END-- [ RunTime:0.004000s ]
INFO: [ app_begin ] --START--
INFO: Run Behavior\ReadHtmlCacheBehavior [ RunTime:0.007000s ]
INFO: [ app_begin ] --END-- [ RunTime:0.008000s ]
SQL: SHOW COLUMNS FROM `it_goods` [ RunTime:0.0430s ]
SQL: SELECT `id`,`goods_name`,`goods_img`,`goods_sn`,`shop_price`,`add_time`,`goods_ori` FROM `it_goods` WHERE `id` = 2 LIMIT 1   [ RunTime:0.0030s ]
SQL: SHOW COLUMNS FROM `it_goods_attr` [ RunTime:0.0340s ]
SQL: SELECT a.*,b.attr_name,b.attr_type FROM `it_goods_attr` a left join it_attribute b on a.goods_attr_id=b.id  WHERE ( a.goods_id=2 )  [ RunTime:0.0100s ]
INFO: [ view_parse ] --START--
INFO: [ template_filter ] --START--
INFO: Run Behavior\ContentReplaceBehavior [ RunTime:0.002001s ]
INFO: [ template_filter ] --END-- [ RunTime:0.016001s ]
NOTIC: [8] Undefined variable: catedata D:\WWW\ecshop\App\Runtime\Cache\Home\56563fb70bfd45c5e738bfc14042f337.php 第 170 行.
NOTIC: [2] Invalid argument supplied for foreach() D:\WWW\ecshop\App\Runtime\Cache\Home\56563fb70bfd45c5e738bfc14042f337.php 第 170 行.
NOTIC: [8] Undefined index: attr_name D:\WWW\ecshop\App\Runtime\Cache\Home\56563fb70bfd45c5e738bfc14042f337.php 第 532 行.
NOTIC: [8] Undefined index: attr_value D:\WWW\ecshop\App\Runtime\Cache\Home\56563fb70bfd45c5e738bfc14042f337.php 第 532 行.
NOTIC: [8] Undefined index: attr_name D:\WWW\ecshop\App\Runtime\Cache\Home\56563fb70bfd45c5e738bfc14042f337.php 第 532 行.
NOTIC: [8] Undefined index: attr_value D:\WWW\ecshop\App\Runtime\Cache\Home\56563fb70bfd45c5e738bfc14042f337.php 第 532 行.
NOTIC: [8] Undefined index: attr_name D:\WWW\ecshop\App\Runtime\Cache\Home\56563fb70bfd45c5e738bfc14042f337.php 第 532 行.
NOTIC: [8] Undefined index: attr_value D:\WWW\ecshop\App\Runtime\Cache\Home\56563fb70bfd45c5e738bfc14042f337.php 第 532 行.
INFO: Run Behavior\ParseTemplateBehavior [ RunTime:0.179010s ]
INFO: [ view_parse ] --END-- [ RunTime:0.182011s ]
INFO: [ view_filter ] --START--
INFO: Run Behavior\WriteHtmlCacheBehavior [ RunTime:0.018001s ]
INFO: [ view_filter ] --END-- [ RunTime:0.018001s ]
INFO: [ app_end ] --START--
INFO: Run Behavior\ShowPageTraceBehavior [ RunTime:0.016001s ]
INFO: [ app_end ] --END-- [ RunTime:0.017001s ]

[ 2017-04-21T11:11:12+08:00 ] 127.0.0.1 /Home/Index/detail/id/2.html
INFO: [ app_init ] --START--
INFO: Run Behavior\BuildLiteBehavior [ RunTime:0.000000s ]
INFO: [ app_init ] --END-- [ RunTime:0.005000s ]
INFO: [ app_begin ] --START--
INFO: Run Behavior\ReadHtmlCacheBehavior [ RunTime:0.009001s ]
INFO: [ app_begin ] --END-- [ RunTime:0.021001s ]
SQL: SHOW COLUMNS FROM `it_goods` [ RunTime:0.0350s ]
SQL: SELECT `id`,`goods_name`,`goods_img`,`goods_sn`,`shop_price`,`add_time`,`goods_ori` FROM `it_goods` WHERE `id` = 2 LIMIT 1   [ RunTime:0.0030s ]
SQL: SHOW COLUMNS FROM `it_goods_attr` [ RunTime:0.0370s ]
SQL: SELECT a.*,b.attr_name,b.attr_type FROM `it_goods_attr` a left join it_attribute b on a.goods_attr_id=b.id  WHERE ( a.goods_id=2 )  [ RunTime:0.0030s ]
INFO: [ view_parse ] --START--
INFO: [ template_filter ] --START--
INFO: Run Behavior\ContentReplaceBehavior [ RunTime:0.002000s ]
INFO: [ template_filter ] --END-- [ RunTime:0.003000s ]
NOTIC: [8] Undefined variable: catedata D:\WWW\ecshop\App\Runtime\Cache\Home\56563fb70bfd45c5e738bfc14042f337.php 第 170 行.
NOTIC: [2] Invalid argument supplied for foreach() D:\WWW\ecshop\App\Runtime\Cache\Home\56563fb70bfd45c5e738bfc14042f337.php 第 170 行.
INFO: Run Behavior\ParseTemplateBehavior [ RunTime:0.170009s ]
INFO: [ view_parse ] --END-- [ RunTime:0.171009s ]
INFO: [ view_filter ] --START--
INFO: Run Behavior\WriteHtmlCacheBehavior [ RunTime:0.006001s ]
INFO: [ view_filter ] --END-- [ RunTime:0.007001s ]
INFO: [ app_end ] --START--
INFO: Run Behavior\ShowPageTraceBehavior [ RunTime:0.013001s ]
INFO: [ app_end ] --END-- [ RunTime:0.014001s ]

[ 2017-04-21T11:13:46+08:00 ] 127.0.0.1 /Home/Index/detail/id/2.html
INFO: [ app_init ] --START--
INFO: Run Behavior\BuildLiteBehavior [ RunTime:0.000000s ]
INFO: [ app_init ] --END-- [ RunTime:0.015001s ]
INFO: [ app_begin ] --START--
INFO: Run Behavior\ReadHtmlCacheBehavior [ RunTime:0.014001s ]
INFO: [ app_begin ] --END-- [ RunTime:0.014001s ]
SQL: SHOW COLUMNS FROM `it_goods` [ RunTime:0.1190s ]
SQL: SELECT `id`,`goods_name`,`goods_img`,`goods_sn`,`shop_price`,`add_time`,`goods_ori` FROM `it_goods` WHERE `id` = 2 LIMIT 1   [ RunTime:0.0050s ]
SQL: SHOW COLUMNS FROM `it_goods_attr` [ RunTime:0.0610s ]
SQL: SELECT a.*,b.attr_name,b.attr_type FROM `it_goods_attr` a left join it_attribute b on a.goods_attr_id=b.id  WHERE ( a.goods_id=2 )  [ RunTime:0.0100s ]
INFO: [ view_parse ] --START--
INFO: [ template_filter ] --START--
INFO: Run Behavior\ContentReplaceBehavior [ RunTime:0.002000s ]
INFO: [ template_filter ] --END-- [ RunTime:0.003000s ]
NOTIC: [8] Undefined variable: catedata D:\WWW\ecshop\App\Runtime\Cache\Home\56563fb70bfd45c5e738bfc14042f337.php 第 170 行.
NOTIC: [2] Invalid argument supplied for foreach() D:\WWW\ecshop\App\Runtime\Cache\Home\56563fb70bfd45c5e738bfc14042f337.php 第 170 行.
INFO: Run Behavior\ParseTemplateBehavior [ RunTime:0.255015s ]
INFO: [ view_parse ] --END-- [ RunTime:0.257015s ]
INFO: [ view_filter ] --START--
INFO: Run Behavior\WriteHtmlCacheBehavior [ RunTime:0.005000s ]
INFO: [ view_filter ] --END-- [ RunTime:0.007000s ]
INFO: [ app_end ] --START--
INFO: Run Behavior\ShowPageTraceBehavior [ RunTime:0.014000s ]
INFO: [ app_end ] --END-- [ RunTime:0.015000s ]

[ 2017-04-21T11:14:05+08:00 ] 127.0.0.1 /Home/Index/detail/id/images/preview_l2.jpg
INFO: [ app_init ] --START--
INFO: Run Behavior\BuildLiteBehavior [ RunTime:0.000000s ]
INFO: [ app_init ] --END-- [ RunTime:0.004000s ]

[ 2017-04-21T11:14:05+08:00 ] 127.0.0.1 /Home/Index/detail/id/images/preview_m2.jpg
INFO: [ app_init ] --START--
INFO: Run Behavior\BuildLiteBehavior [ RunTime:0.000000s ]
INFO: [ app_init ] --END-- [ RunTime:0.004000s ]

[ 2017-04-21T11:14:11+08:00 ] 127.0.0.1 /Home/Index/detail/id/images/preview_l1.jpg
INFO: [ app_init ] --START--
INFO: Run Behavior\BuildLiteBehavior [ RunTime:0.000000s ]
INFO: [ app_init ] --END-- [ RunTime:0.008001s ]

[ 2017-04-21T11:14:11+08:00 ] 127.0.0.1 /Home/Index/detail/id/images/preview_m1.jpg
INFO: [ app_init ] --START--
INFO: Run Behavior\BuildLiteBehavior [ RunTime:0.000000s ]
INFO: [ app_init ] --END-- [ RunTime:0.010001s ]

[ 2017-04-21T11:14:19+08:00 ] 127.0.0.1 /Home/Index/detail/id/2.html
INFO: [ app_init ] --START--
INFO: Run Behavior\BuildLiteBehavior [ RunTime:0.000000s ]
INFO: [ app_init ] --END-- [ RunTime:0.004000s ]
INFO: [ app_begin ] --START--
INFO: Run Behavior\ReadHtmlCacheBehavior [ RunTime:0.007001s ]
INFO: [ app_begin ] --END-- [ RunTime:0.008001s ]
SQL: SHOW COLUMNS FROM `it_goods` [ RunTime:0.0320s ]
SQL: SELECT `id`,`goods_name`,`goods_img`,`goods_sn`,`shop_price`,`add_time`,`goods_ori` FROM `it_goods` WHERE `id` = 2 LIMIT 1   [ RunTime:0.0020s ]
SQL: SHOW COLUMNS FROM `it_goods_attr` [ RunTime:0.0340s ]
SQL: SELECT a.*,b.attr_name,b.attr_type FROM `it_goods_attr` a left join it_attribute b on a.goods_attr_id=b.id  WHERE ( a.goods_id=2 )  [ RunTime:0.0030s ]
INFO: [ view_parse ] --START--
INFO: [ template_filter ] --START--
INFO: Run Behavior\ContentReplaceBehavior [ RunTime:0.004001s ]
INFO: [ template_filter ] --END-- [ RunTime:0.005001s ]
NOTIC: [8] Undefined variable: catedata D:\WWW\ecshop\App\Runtime\Cache\Home\56563fb70bfd45c5e738bfc14042f337.php 第 170 行.
NOTIC: [2] Invalid argument supplied for foreach() D:\WWW\ecshop\App\Runtime\Cache\Home\56563fb70bfd45c5e738bfc14042f337.php 第 170 行.
INFO: Run Behavior\ParseTemplateBehavior [ RunTime:0.202012s ]
INFO: [ view_parse ] --END-- [ RunTime:0.202012s ]
INFO: [ view_filter ] --START--
INFO: Run Behavior\WriteHtmlCacheBehavior [ RunTime:0.003000s ]
INFO: [ view_filter ] --END-- [ RunTime:0.003000s ]
INFO: [ app_end ] --START--
INFO: Run Behavior\ShowPageTraceBehavior [ RunTime:0.007001s ]
INFO: [ app_end ] --END-- [ RunTime:0.008001s ]

[ 2017-04-21T14:33:00+08:00 ] 127.0.0.1 /Home/Index/detail/id/2.html
INFO: [ app_init ] --START--
INFO: Run Behavior\BuildLiteBehavior [ RunTime:0.000000s ]
INFO: [ app_init ] --END-- [ RunTime:0.005000s ]
INFO: [ app_begin ] --START--
INFO: Run Behavior\ReadHtmlCacheBehavior [ RunTime:0.007000s ]
INFO: [ app_begin ] --END-- [ RunTime:0.009000s ]
SQL: SHOW COLUMNS FROM `it_goods` [ RunTime:0.0450s ]
SQL: SELECT `id`,`goods_name`,`goods_img`,`goods_sn`,`shop_price`,`add_time`,`goods_ori` FROM `it_goods` WHERE `id` = 2 LIMIT 1   [ RunTime:0.0030s ]
SQL: SHOW COLUMNS FROM `it_goods_attr` [ RunTime:0.0390s ]
SQL: SELECT a.*,b.attr_name,b.attr_type FROM `it_goods_attr` a left join it_attribute b on a.goods_attr_id=b.id  WHERE ( a.goods_id=2 )  [ RunTime:0.0120s ]
INFO: [ view_parse ] --START--
INFO: [ template_filter ] --START--
INFO: Run Behavior\ContentReplaceBehavior [ RunTime:0.009000s ]
INFO: [ template_filter ] --END-- [ RunTime:0.009000s ]
NOTIC: [8] Undefined variable: catedata D:\WWW\ecshop\App\Runtime\Cache\Home\56563fb70bfd45c5e738bfc14042f337.php 第 170 行.
NOTIC: [2] Invalid argument supplied for foreach() D:\WWW\ecshop\App\Runtime\Cache\Home\56563fb70bfd45c5e738bfc14042f337.php 第 170 行.
INFO: Run Behavior\ParseTemplateBehavior [ RunTime:0.252014s ]
INFO: [ view_parse ] --END-- [ RunTime:0.255015s ]
INFO: [ view_filter ] --START--
INFO: Run Behavior\WriteHtmlCacheBehavior [ RunTime:0.003000s ]
INFO: [ view_filter ] --END-- [ RunTime:0.004000s ]
INFO: [ app_end ] --START--
INFO: Run Behavior\ShowPageTraceBehavior [ RunTime:0.012001s ]
INFO: [ app_end ] --END-- [ RunTime:0.012001s ]

[ 2017-04-21T14:33:05+08:00 ] 127.0.0.1 /Home/Cart/addCart.html
INFO: [ app_init ] --START--
INFO: Run Behavior\BuildLiteBehavior [ RunTime:0.001000s ]
INFO: [ app_init ] --END-- [ RunTime:0.006000s ]
INFO: [ app_begin ] --START--
INFO: Run Behavior\ReadHtmlCacheBehavior [ RunTime:0.004001s ]
INFO: [ app_begin ] --END-- [ RunTime:0.005001s ]
ERR: 无法加载控制器:Cart

[ 2017-04-21T14:34:48+08:00 ] 127.0.0.1 /Home/Cart/addCart.html
INFO: [ app_init ] --START--
INFO: Run Behavior\BuildLiteBehavior [ RunTime:0.000000s ]
INFO: [ app_init ] --END-- [ RunTime:0.004000s ]
INFO: [ app_begin ] --START--
INFO: Run Behavior\ReadHtmlCacheBehavior [ RunTime:0.005000s ]
INFO: [ app_begin ] --END-- [ RunTime:0.005000s ]
SQL: SHOW COLUMNS FROM `it_cart` [ RunTime:0.0310s ]
SQL: SELECT * FROM `it_cart` WHERE ( user_id=8 and goods_id=2 and goods_attr_id='17,23' ) LIMIT 1   [ RunTime:0.0020s ]
SQL: INSERT INTO `it_cart` (`goods_id`,`goods_attr_id`,`goods_count`,`user_id`) VALUES ('2','17,23','1','8') [ RunTime:0.0020s ]
INFO: [ view_parse ] --START--
INFO: [ template_filter ] --START--
INFO: Run Behavior\ContentReplaceBehavior [ RunTime:0.000000s ]
INFO: [ template_filter ] --END-- [ RunTime:0.001000s ]
INFO: Run Behavior\ParseTemplateBehavior [ RunTime:0.048003s ]
INFO: [ view_parse ] --END-- [ RunTime:0.048003s ]
INFO: [ view_filter ] --START--
INFO: Run Behavior\WriteHtmlCacheBehavior [ RunTime:0.003000s ]
INFO: [ view_filter ] --END-- [ RunTime:0.003000s ]
INFO: [ app_end ] --START--
INFO: Run Behavior\ShowPageTraceBehavior [ RunTime:0.005001s ]
INFO: [ app_end ] --END-- [ RunTime:0.005001s ]

[ 2017-04-21T14:34:50+08:00 ] 127.0.0.1 /Home/Cart/cartList.html
INFO: [ app_init ] --START--
INFO: Run Behavior\BuildLiteBehavior [ RunTime:0.000000s ]
INFO: [ app_init ] --END-- [ RunTime:0.007000s ]
INFO: [ app_begin ] --START--
INFO: Run Behavior\ReadHtmlCacheBehavior [ RunTime:0.007000s ]
INFO: [ app_begin ] --END-- [ RunTime:0.008000s ]
SQL: SHOW COLUMNS FROM `it_cart` [ RunTime:0.0270s ]
ERR: Think\Model:cartList方法不存在！

[ 2017-04-21T14:36:15+08:00 ] 127.0.0.1 /Home/Cart/cartList.html
INFO: [ app_init ] --START--
INFO: Run Behavior\BuildLiteBehavior [ RunTime:0.000000s ]
INFO: [ app_init ] --END-- [ RunTime:0.006000s ]
INFO: [ app_begin ] --START--
INFO: Run Behavior\ReadHtmlCacheBehavior [ RunTime:0.006000s ]
INFO: [ app_begin ] --END-- [ RunTime:0.007000s ]
SQL: SHOW COLUMNS FROM `it_cart` [ RunTime:0.0260s ]
SQL: SELECT * FROM `it_cart` WHERE ( user_id=8 )  [ RunTime:0.0020s ]
SQL: SHOW COLUMNS FROM `it_goods` [ RunTime:0.0340s ]
SQL: SELECT `id`,`goods_name`,`goods_thumb`,`shop_price` FROM `it_goods` WHERE ( id=2 ) LIMIT 1   [ RunTime:0.0010s ]
SQL: select  group_concat(concat(b.attr_name,':',a.attr_value) separator '<br/>')  as attrs
                from it_goods_attr  a left join it_attribute   b  on  a.goods_attr_id=b.id where a.goods_id=2 and a.id in(17,23) [ RunTime:0.1670s ]
SQL: SELECT * FROM `it_cart` WHERE ( user_id=8 )  [ RunTime:0.0010s ]
SQL: SELECT `id`,`goods_name`,`goods_thumb`,`shop_price` FROM `it_goods` WHERE ( id=2 ) LIMIT 1   [ RunTime:0.0020s ]
SQL: select  group_concat(concat(b.attr_name,':',a.attr_value) separator '<br/>')  as attrs
                from it_goods_attr  a left join it_attribute   b  on  a.goods_attr_id=b.id where a.goods_id=2 and a.id in(17,23) [ RunTime:0.0030s ]
INFO: [ view_parse ] --START--
INFO: [ template_filter ] --START--
INFO: Run Behavior\ContentReplaceBehavior [ RunTime:0.001000s ]
INFO: [ template_filter ] --END-- [ RunTime:0.002000s ]
INFO: Run Behavior\ParseTemplateBehavior [ RunTime:0.072004s ]
INFO: [ view_parse ] --END-- [ RunTime:0.073004s ]
INFO: [ view_filter ] --START--
INFO: Run Behavior\WriteHtmlCacheBehavior [ RunTime:0.004000s ]
INFO: [ view_filter ] --END-- [ RunTime:0.004000s ]
INFO: [ app_end ] --START--
INFO: Run Behavior\ShowPageTraceBehavior [ RunTime:0.004000s ]
INFO: [ app_end ] --END-- [ RunTime:0.004000s ]

[ 2017-04-21T14:36:28+08:00 ] 127.0.0.1 /Home/Order/checkout.html
INFO: [ app_init ] --START--
INFO: Run Behavior\BuildLiteBehavior [ RunTime:0.000000s ]
INFO: [ app_init ] --END-- [ RunTime:0.004000s ]
INFO: [ app_begin ] --START--
INFO: Run Behavior\ReadHtmlCacheBehavior [ RunTime:0.006000s ]
INFO: [ app_begin ] --END-- [ RunTime:0.007000s ]
ERR: 无法加载控制器:Order

[ 2017-04-21T14:39:32+08:00 ] 127.0.0.1 /Home/Cart/cartList.html
INFO: [ app_init ] --START--
INFO: Run Behavior\BuildLiteBehavior [ RunTime:0.001000s ]
INFO: [ app_init ] --END-- [ RunTime:0.005000s ]
INFO: [ app_begin ] --START--
INFO: Run Behavior\ReadHtmlCacheBehavior [ RunTime:0.006001s ]
INFO: [ app_begin ] --END-- [ RunTime:0.006001s ]
SQL: SHOW COLUMNS FROM `it_cart` [ RunTime:0.0330s ]
SQL: SELECT * FROM `it_cart` WHERE ( user_id=8 )  [ RunTime:0.0040s ]
SQL: SHOW COLUMNS FROM `it_goods` [ RunTime:0.0370s ]
SQL: SELECT `id`,`goods_name`,`goods_thumb`,`shop_price` FROM `it_goods` WHERE ( id=2 ) LIMIT 1   [ RunTime:0.0030s ]
SQL: select  group_concat(concat(b.attr_name,':',a.attr_value) separator '<br/>')  as attrs
                from it_goods_attr  a left join it_attribute   b  on  a.goods_attr_id=b.id where a.goods_id=2 and a.id in(17,23) [ RunTime:0.0030s ]
SQL: SELECT * FROM `it_cart` WHERE ( user_id=8 )  [ RunTime:0.0020s ]
SQL: SELECT `id`,`goods_name`,`goods_thumb`,`shop_price` FROM `it_goods` WHERE ( id=2 ) LIMIT 1   [ RunTime:0.0020s ]
SQL: select  group_concat(concat(b.attr_name,':',a.attr_value) separator '<br/>')  as attrs
                from it_goods_attr  a left join it_attribute   b  on  a.goods_attr_id=b.id where a.goods_id=2 and a.id in(17,23) [ RunTime:0.0030s ]
INFO: [ view_parse ] --START--
INFO: [ template_filter ] --START--
INFO: Run Behavior\ContentReplaceBehavior [ RunTime:0.000000s ]
INFO: [ template_filter ] --END-- [ RunTime:0.002000s ]
INFO: Run Behavior\ParseTemplateBehavior [ RunTime:0.081005s ]
INFO: [ view_parse ] --END-- [ RunTime:0.082005s ]
INFO: [ view_filter ] --START--
INFO: Run Behavior\WriteHtmlCacheBehavior [ RunTime:0.003000s ]
INFO: [ view_filter ] --END-- [ RunTime:0.005000s ]
INFO: [ app_end ] --START--
INFO: Run Behavior\ShowPageTraceBehavior [ RunTime:0.005001s ]
INFO: [ app_end ] --END-- [ RunTime:0.006001s ]

[ 2017-04-21T14:39:35+08:00 ] 127.0.0.1 /Home/Order/checkout.html
INFO: [ app_init ] --START--
INFO: Run Behavior\BuildLiteBehavior [ RunTime:0.000000s ]
INFO: [ app_init ] --END-- [ RunTime:0.005000s ]
INFO: [ app_begin ] --START--
INFO: Run Behavior\ReadHtmlCacheBehavior [ RunTime:0.004000s ]
INFO: [ app_begin ] --END-- [ RunTime:0.005000s ]
SQL: SHOW COLUMNS FROM `it_cart` [ RunTime:0.0350s ]
SQL: SELECT * FROM `it_cart` WHERE ( user_id=8 )  [ RunTime:0.0030s ]
SQL: SHOW COLUMNS FROM `it_goods` [ RunTime:0.0360s ]
SQL: SELECT `id`,`goods_name`,`goods_thumb`,`shop_price` FROM `it_goods` WHERE ( id=2 ) LIMIT 1   [ RunTime:0.0040s ]
SQL: select  group_concat(concat(b.attr_name,':',a.attr_value) separator '<br/>')  as attrs
                from it_goods_attr  a left join it_attribute   b  on  a.goods_attr_id=b.id where a.goods_id=2 and a.id in(17,23) [ RunTime:0.0130s ]
INFO: [ view_parse ] --START--
INFO: [ template_filter ] --START--
INFO: Run Behavior\ContentReplaceBehavior [ RunTime:0.001000s ]
INFO: [ template_filter ] --END-- [ RunTime:0.003000s ]
INFO: Run Behavior\ParseTemplateBehavior [ RunTime:0.097006s ]
INFO: [ view_parse ] --END-- [ RunTime:0.097006s ]
INFO: [ view_filter ] --START--
INFO: Run Behavior\WriteHtmlCacheBehavior [ RunTime:0.002000s ]
INFO: [ view_filter ] --END-- [ RunTime:0.003000s ]
INFO: [ app_end ] --START--
INFO: Run Behavior\ShowPageTraceBehavior [ RunTime:0.006000s ]
INFO: [ app_end ] --END-- [ RunTime:0.006000s ]

[ 2017-04-21T14:40:43+08:00 ] 127.0.0.1 /Home/Order/checkout.html
INFO: [ app_init ] --START--
INFO: Run Behavior\BuildLiteBehavior [ RunTime:0.000000s ]
INFO: [ app_init ] --END-- [ RunTime:0.003000s ]
INFO: [ app_begin ] --START--
INFO: Run Behavior\ReadHtmlCacheBehavior [ RunTime:0.003000s ]
INFO: [ app_begin ] --END-- [ RunTime:0.005000s ]
SQL: SHOW COLUMNS FROM `it_cart` [ RunTime:0.0250s ]
SQL: SELECT * FROM `it_cart` WHERE ( user_id=8 )  [ RunTime:0.0020s ]
SQL: SHOW COLUMNS FROM `it_goods` [ RunTime:0.0280s ]
SQL: SELECT `id`,`goods_name`,`goods_thumb`,`shop_price` FROM `it_goods` WHERE ( id=2 ) LIMIT 1   [ RunTime:0.0030s ]
SQL: select  group_concat(concat(b.attr_name,':',a.attr_value) separator '<br/>')  as attrs
                from it_goods_attr  a left join it_attribute   b  on  a.goods_attr_id=b.id where a.goods_id=2 and a.id in(17,23) [ RunTime:0.0050s ]
INFO: [ view_parse ] --START--
INFO: [ template_filter ] --START--
INFO: Run Behavior\ContentReplaceBehavior [ RunTime:0.001000s ]
INFO: [ template_filter ] --END-- [ RunTime:0.002000s ]
INFO: Run Behavior\ParseTemplateBehavior [ RunTime:0.070004s ]
INFO: [ view_parse ] --END-- [ RunTime:0.070004s ]
INFO: [ view_filter ] --START--
INFO: Run Behavior\WriteHtmlCacheBehavior [ RunTime:0.002000s ]
INFO: [ view_filter ] --END-- [ RunTime:0.003000s ]
INFO: [ app_end ] --START--
INFO: Run Behavior\ShowPageTraceBehavior [ RunTime:0.007000s ]
INFO: [ app_end ] --END-- [ RunTime:0.007000s ]

[ 2017-04-21T14:41:50+08:00 ] 127.0.0.1 /Home/Order/checkout.html
INFO: [ app_init ] --START--
INFO: Run Behavior\BuildLiteBehavior [ RunTime:0.000000s ]
INFO: [ app_init ] --END-- [ RunTime:0.003000s ]
INFO: [ app_begin ] --START--
INFO: Run Behavior\ReadHtmlCacheBehavior [ RunTime:0.004000s ]
INFO: [ app_begin ] --END-- [ RunTime:0.006000s ]
SQL: SHOW COLUMNS FROM `it_cart` [ RunTime:0.0350s ]
SQL: SELECT * FROM `it_cart` WHERE ( user_id=8 )  [ RunTime:0.0030s ]
SQL: SHOW COLUMNS FROM `it_goods` [ RunTime:0.0320s ]
SQL: SELECT `id`,`goods_name`,`goods_thumb`,`shop_price` FROM `it_goods` WHERE ( id=2 ) LIMIT 1   [ RunTime:0.0020s ]
SQL: select  group_concat(concat(b.attr_name,':',a.attr_value) separator '<br/>')  as attrs
                from it_goods_attr  a left join it_attribute   b  on  a.goods_attr_id=b.id where a.goods_id=2 and a.id in(17,23) [ RunTime:0.0020s ]
INFO: [ view_parse ] --START--
INFO: [ template_filter ] --START--
INFO: Run Behavior\ContentReplaceBehavior [ RunTime:0.001000s ]
INFO: [ template_filter ] --END-- [ RunTime:0.002000s ]
INFO: Run Behavior\ParseTemplateBehavior [ RunTime:0.085004s ]
INFO: [ view_parse ] --END-- [ RunTime:0.085004s ]
INFO: [ view_filter ] --START--
INFO: Run Behavior\WriteHtmlCacheBehavior [ RunTime:0.003001s ]
INFO: [ view_filter ] --END-- [ RunTime:0.003001s ]
INFO: [ app_end ] --START--
INFO: Run Behavior\ShowPageTraceBehavior [ RunTime:0.014001s ]
INFO: [ app_end ] --END-- [ RunTime:0.015001s ]

[ 2017-04-21T21:33:57+08:00 ] 127.0.0.1 /Home/Order/checkout.html
INFO: [ app_init ] --START--
INFO: Run Behavior\BuildLiteBehavior [ RunTime:0.000000s ]
INFO: [ app_init ] --END-- [ RunTime:0.003000s ]
INFO: [ app_begin ] --START--
INFO: Run Behavior\ReadHtmlCacheBehavior [ RunTime:0.004001s ]
INFO: [ app_begin ] --END-- [ RunTime:0.005001s ]
SQL: SHOW COLUMNS FROM `it_cart` [ RunTime:0.0400s ]
SQL: SELECT * FROM `it_cart` WHERE ( user_id=8 )  [ RunTime:0.0020s ]
SQL: SHOW COLUMNS FROM `it_goods` [ RunTime:0.0410s ]
SQL: SELECT `id`,`goods_name`,`goods_thumb`,`shop_price` FROM `it_goods` WHERE ( id=2 ) LIMIT 1   [ RunTime:0.0020s ]
SQL: select  group_concat(concat(b.attr_name,':',a.attr_value) separator '<br/>')  as attrs
                from it_goods_attr  a left join it_attribute   b  on  a.goods_attr_id=b.id where a.goods_id=2 and a.id in(17,23) [ RunTime:0.0130s ]
INFO: [ view_parse ] --START--
INFO: [ template_filter ] --START--
INFO: Run Behavior\ContentReplaceBehavior [ RunTime:0.001000s ]
INFO: [ template_filter ] --END-- [ RunTime:0.001000s ]
INFO: Run Behavior\ParseTemplateBehavior [ RunTime:0.068004s ]
INFO: [ view_parse ] --END-- [ RunTime:0.068004s ]
INFO: [ view_filter ] --START--
INFO: Run Behavior\WriteHtmlCacheBehavior [ RunTime:0.003000s ]
INFO: [ view_filter ] --END-- [ RunTime:0.003000s ]
INFO: [ app_end ] --START--
INFO: Run Behavior\ShowPageTraceBehavior [ RunTime:0.006000s ]
INFO: [ app_end ] --END-- [ RunTime:0.007001s ]

[ 2017-04-21T21:34:00+08:00 ] 127.0.0.1 /Home/User/logout.html
INFO: [ app_init ] --START--
INFO: Run Behavior\BuildLiteBehavior [ RunTime:0.000000s ]
INFO: [ app_init ] --END-- [ RunTime:0.002000s ]
INFO: [ app_begin ] --START--
INFO: Run Behavior\ReadHtmlCacheBehavior [ RunTime:0.003000s ]
INFO: [ app_begin ] --END-- [ RunTime:0.004000s ]
INFO: [ view_parse ] --START--
INFO: [ template_filter ] --START--
INFO: Run Behavior\ContentReplaceBehavior [ RunTime:0.000000s ]
INFO: [ template_filter ] --END-- [ RunTime:0.001000s ]
INFO: Run Behavior\ParseTemplateBehavior [ RunTime:0.041002s ]
INFO: [ view_parse ] --END-- [ RunTime:0.042002s ]
INFO: [ view_filter ] --START--
INFO: Run Behavior\WriteHtmlCacheBehavior [ RunTime:0.002001s ]
INFO: [ view_filter ] --END-- [ RunTime:0.003001s ]
INFO: [ app_end ] --START--
INFO: Run Behavior\ShowPageTraceBehavior [ RunTime:0.004000s ]
INFO: [ app_end ] --END-- [ RunTime:0.004000s ]

[ 2017-04-21T21:34:03+08:00 ] 127.0.0.1 /Home/Index/index.html
INFO: [ app_init ] --START--
INFO: Run Behavior\BuildLiteBehavior [ RunTime:0.000000s ]
INFO: [ app_init ] --END-- [ RunTime:0.004000s ]
INFO: [ app_begin ] --START--
INFO: Run Behavior\ReadHtmlCacheBehavior [ RunTime:0.004000s ]
INFO: [ app_begin ] --END-- [ RunTime:0.004000s ]
SQL: SHOW COLUMNS FROM `it_goods` [ RunTime:0.0300s ]
NOTIC: [8] Undefined variable: sum D:\WWW\ecshop\App\Admin\Model\GoodsModel.class.php 第 104 行.
SQL: SELECT `id`,`goods_name`,`goods_thumb`,`shop_price` FROM `it_goods` WHERE ( is_new=1 and is_sale=1 and is_delete=0 ) ORDER BY id desc  [ RunTime:0.0020s ]
NOTIC: [8] Undefined variable: sum D:\WWW\ecshop\App\Admin\Model\GoodsModel.class.php 第 104 行.
SQL: SELECT `id`,`goods_name`,`goods_thumb`,`shop_price` FROM `it_goods` WHERE ( is_hot=1 and is_sale=1 and is_delete=0 ) ORDER BY id desc  [ RunTime:0.0020s ]
NOTIC: [8] Undefined variable: sum D:\WWW\ecshop\App\Admin\Model\GoodsModel.class.php 第 104 行.
SQL: SELECT `id`,`goods_name`,`goods_thumb`,`shop_price` FROM `it_goods` WHERE ( is_best=1 and is_sale=1 and is_delete=0 ) ORDER BY id desc  [ RunTime:0.0030s ]
SQL: SHOW COLUMNS FROM `it_category` [ RunTime:0.0490s ]
SQL: SELECT * FROM `it_category`  [ RunTime:0.0020s ]
INFO: [ view_parse ] --START--
INFO: [ template_filter ] --START--
INFO: Run Behavior\ContentReplaceBehavior [ RunTime:0.002000s ]
INFO: [ template_filter ] --END-- [ RunTime:0.002000s ]
INFO: Run Behavior\ParseTemplateBehavior [ RunTime:0.179010s ]
INFO: [ view_parse ] --END-- [ RunTime:0.179010s ]
INFO: [ view_filter ] --START--
INFO: Run Behavior\WriteHtmlCacheBehavior [ RunTime:0.003000s ]
INFO: [ view_filter ] --END-- [ RunTime:0.003000s ]
INFO: [ app_end ] --START--
INFO: Run Behavior\ShowPageTraceBehavior [ RunTime:0.005001s ]
INFO: [ app_end ] --END-- [ RunTime:0.006001s ]

[ 2017-04-21T21:35:01+08:00 ] 127.0.0.1 /Home/order/checkout
INFO: [ app_init ] --START--
INFO: Run Behavior\BuildLiteBehavior [ RunTime:0.000000s ]
INFO: [ app_init ] --END-- [ RunTime:0.004000s ]
INFO: [ app_begin ] --START--
INFO: Run Behavior\ReadHtmlCacheBehavior [ RunTime:0.005000s ]
INFO: [ app_begin ] --END-- [ RunTime:0.005000s ]
SQL: SHOW COLUMNS FROM `it_cart` [ RunTime:0.0270s ]
INFO: [ view_parse ] --START--
INFO: [ template_filter ] --START--
INFO: Run Behavior\ContentReplaceBehavior [ RunTime:0.001000s ]
INFO: [ template_filter ] --END-- [ RunTime:0.001000s ]
INFO: Run Behavior\ParseTemplateBehavior [ RunTime:0.048003s ]
INFO: [ view_parse ] --END-- [ RunTime:0.048003s ]
INFO: [ view_filter ] --START--
INFO: Run Behavior\WriteHtmlCacheBehavior [ RunTime:0.002000s ]
INFO: [ view_filter ] --END-- [ RunTime:0.004000s ]

[ 2017-04-21T21:35:18+08:00 ] 127.0.0.1 /Home/Index/detail/id/2.html
INFO: [ app_init ] --START--
INFO: Run Behavior\BuildLiteBehavior [ RunTime:0.000000s ]
INFO: [ app_init ] --END-- [ RunTime:0.003000s ]
INFO: [ app_begin ] --START--
INFO: Run Behavior\ReadHtmlCacheBehavior [ RunTime:0.004000s ]
INFO: [ app_begin ] --END-- [ RunTime:0.004000s ]
SQL: SHOW COLUMNS FROM `it_goods` [ RunTime:0.0260s ]
SQL: SELECT `id`,`goods_name`,`goods_img`,`goods_sn`,`shop_price`,`add_time`,`goods_ori` FROM `it_goods` WHERE `id` = 2 LIMIT 1   [ RunTime:0.0010s ]
SQL: SHOW COLUMNS FROM `it_goods_attr` [ RunTime:0.0230s ]
SQL: SELECT a.*,b.attr_name,b.attr_type FROM `it_goods_attr` a left join it_attribute b on a.goods_attr_id=b.id  WHERE ( a.goods_id=2 )  [ RunTime:0.0020s ]
INFO: [ view_parse ] --START--
INFO: [ template_filter ] --START--
INFO: Run Behavior\ContentReplaceBehavior [ RunTime:0.001000s ]
INFO: [ template_filter ] --END-- [ RunTime:0.002000s ]
NOTIC: [8] Undefined variable: catedata D:\WWW\ecshop\App\Runtime\Cache\Home\56563fb70bfd45c5e738bfc14042f337.php 第 170 行.
NOTIC: [2] Invalid argument supplied for foreach() D:\WWW\ecshop\App\Runtime\Cache\Home\56563fb70bfd45c5e738bfc14042f337.php 第 170 行.
INFO: Run Behavior\ParseTemplateBehavior [ RunTime:0.122007s ]
INFO: [ view_parse ] --END-- [ RunTime:0.122007s ]
INFO: [ view_filter ] --START--
INFO: Run Behavior\WriteHtmlCacheBehavior [ RunTime:0.002001s ]
INFO: [ view_filter ] --END-- [ RunTime:0.002001s ]
INFO: [ app_end ] --START--
INFO: Run Behavior\ShowPageTraceBehavior [ RunTime:0.003000s ]
INFO: [ app_end ] --END-- [ RunTime:0.003000s ]

[ 2017-04-21T21:35:23+08:00 ] 127.0.0.1 /Home/Cart/addCart.html
INFO: [ app_init ] --START--
INFO: Run Behavior\BuildLiteBehavior [ RunTime:0.000000s ]
INFO: [ app_init ] --END-- [ RunTime:0.003000s ]
INFO: [ app_begin ] --START--
INFO: Run Behavior\ReadHtmlCacheBehavior [ RunTime:0.004000s ]
INFO: [ app_begin ] --END-- [ RunTime:0.005000s ]
SQL: SHOW COLUMNS FROM `it_cart` [ RunTime:0.0210s ]
INFO: [ view_parse ] --START--
INFO: [ template_filter ] --START--
INFO: Run Behavior\ContentReplaceBehavior [ RunTime:0.001000s ]
INFO: [ template_filter ] --END-- [ RunTime:0.001000s ]
INFO: Run Behavior\ParseTemplateBehavior [ RunTime:0.036002s ]
INFO: [ view_parse ] --END-- [ RunTime:0.036002s ]
INFO: [ view_filter ] --START--
INFO: Run Behavior\WriteHtmlCacheBehavior [ RunTime:0.002000s ]
INFO: [ view_filter ] --END-- [ RunTime:0.002000s ]
INFO: [ app_end ] --START--
INFO: Run Behavior\ShowPageTraceBehavior [ RunTime:0.003000s ]
INFO: [ app_end ] --END-- [ RunTime:0.003000s ]

[ 2017-04-21T21:35:25+08:00 ] 127.0.0.1 /Home/Cart/cartList.html
INFO: [ app_init ] --START--
INFO: Run Behavior\BuildLiteBehavior [ RunTime:0.000000s ]
INFO: [ app_init ] --END-- [ RunTime:0.003001s ]
INFO: [ app_begin ] --START--
INFO: Run Behavior\ReadHtmlCacheBehavior [ RunTime:0.005000s ]
INFO: [ app_begin ] --END-- [ RunTime:0.005000s ]
SQL: SHOW COLUMNS FROM `it_cart` [ RunTime:0.0240s ]
SQL: SHOW COLUMNS FROM `it_goods` [ RunTime:0.0250s ]
SQL: SELECT `id`,`goods_name`,`goods_thumb`,`shop_price` FROM `it_goods` WHERE ( id=2 ) LIMIT 1   [ RunTime:0.0020s ]
SQL: select  group_concat(concat(b.attr_name,':',a.attr_value) separator '<br/>')  as attrs
                from it_goods_attr  a left join it_attribute   b  on  a.goods_attr_id=b.id where a.goods_id=2 and a.id in(17,23) [ RunTime:0.0020s ]
SQL: SELECT `id`,`goods_name`,`goods_thumb`,`shop_price` FROM `it_goods` WHERE ( id=2 ) LIMIT 1   [ RunTime:0.0010s ]
SQL: select  group_concat(concat(b.attr_name,':',a.attr_value) separator '<br/>')  as attrs
                from it_goods_attr  a left join it_attribute   b  on  a.goods_attr_id=b.id where a.goods_id=2 and a.id in(17,23) [ RunTime:0.0020s ]
INFO: [ view_parse ] --START--
INFO: [ template_filter ] --START--
INFO: Run Behavior\ContentReplaceBehavior [ RunTime:0.001000s ]
INFO: [ template_filter ] --END-- [ RunTime:0.001000s ]
INFO: Run Behavior\ParseTemplateBehavior [ RunTime:0.057004s ]
INFO: [ view_parse ] --END-- [ RunTime:0.057004s ]
INFO: [ view_filter ] --START--
INFO: Run Behavior\WriteHtmlCacheBehavior [ RunTime:0.003000s ]
INFO: [ view_filter ] --END-- [ RunTime:0.005000s ]
INFO: [ app_end ] --START--
INFO: Run Behavior\ShowPageTraceBehavior [ RunTime:0.005000s ]
INFO: [ app_end ] --END-- [ RunTime:0.005000s ]

[ 2017-04-21T21:35:29+08:00 ] 127.0.0.1 /Home/Order/checkout.html
INFO: [ app_init ] --START--
INFO: Run Behavior\BuildLiteBehavior [ RunTime:0.001000s ]
INFO: [ app_init ] --END-- [ RunTime:0.003000s ]
INFO: [ app_begin ] --START--
INFO: Run Behavior\ReadHtmlCacheBehavior [ RunTime:0.005000s ]
INFO: [ app_begin ] --END-- [ RunTime:0.005000s ]
SQL: SHOW COLUMNS FROM `it_cart` [ RunTime:0.0240s ]
SQL: SHOW COLUMNS FROM `it_goods` [ RunTime:0.0270s ]
SQL: SELECT `id`,`goods_name`,`goods_thumb`,`shop_price` FROM `it_goods` WHERE ( id=2 ) LIMIT 1   [ RunTime:0.0020s ]
SQL: select  group_concat(concat(b.attr_name,':',a.attr_value) separator '<br/>')  as attrs
                from it_goods_attr  a left join it_attribute   b  on  a.goods_attr_id=b.id where a.goods_id=2 and a.id in(17,23) [ RunTime:0.0020s ]

[ 2017-04-21T21:35:29+08:00 ] 127.0.0.1 /Home/User/login.html
INFO: [ app_init ] --START--
INFO: Run Behavior\BuildLiteBehavior [ RunTime:0.000000s ]
INFO: [ app_init ] --END-- [ RunTime:0.003000s ]
INFO: [ app_begin ] --START--
INFO: Run Behavior\ReadHtmlCacheBehavior [ RunTime:0.004000s ]
INFO: [ app_begin ] --END-- [ RunTime:0.004000s ]
INFO: [ view_parse ] --START--
INFO: [ template_filter ] --START--
INFO: Run Behavior\ContentReplaceBehavior [ RunTime:0.001000s ]
INFO: [ template_filter ] --END-- [ RunTime:0.001000s ]
INFO: Run Behavior\ParseTemplateBehavior [ RunTime:0.057003s ]
INFO: [ view_parse ] --END-- [ RunTime:0.057003s ]
INFO: [ view_filter ] --START--
INFO: Run Behavior\WriteHtmlCacheBehavior [ RunTime:0.002000s ]
INFO: [ view_filter ] --END-- [ RunTime:0.004000s ]
INFO: [ app_end ] --START--
INFO: Run Behavior\ShowPageTraceBehavior [ RunTime:0.005000s ]
INFO: [ app_end ] --END-- [ RunTime:0.005000s ]

[ 2017-04-21T21:35:30+08:00 ] 127.0.0.1 /Home/User/authcode
INFO: [ app_init ] --START--
INFO: Run Behavior\BuildLiteBehavior [ RunTime:0.004001s ]
INFO: [ app_init ] --END-- [ RunTime:0.009001s ]
INFO: [ app_begin ] --START--
INFO: Run Behavior\ReadHtmlCacheBehavior [ RunTime:0.010001s ]
INFO: [ app_begin ] --END-- [ RunTime:0.011001s ]
INFO: [ app_end ] --START--
INFO: Run Behavior\ShowPageTraceBehavior [ RunTime:0.009000s ]
INFO: [ app_end ] --END-- [ RunTime:0.010000s ]

[ 2017-04-21T21:35:48+08:00 ] 127.0.0.1 /Home/User/login
INFO: [ app_init ] --START--
INFO: Run Behavior\BuildLiteBehavior [ RunTime:0.000000s ]
INFO: [ app_init ] --END-- [ RunTime:0.003001s ]
INFO: [ app_begin ] --START--
INFO: Run Behavior\ReadHtmlCacheBehavior [ RunTime:0.004000s ]
INFO: [ app_begin ] --END-- [ RunTime:0.004000s ]
SQL: SHOW COLUMNS FROM `it_user` [ RunTime:0.0300s ]
NOTIC: [8] Undefined index: auto D:\WWW\ecshop\ThinkPHP\Library\Think\Model.class.php 第 1128 行.
SQL: SELECT * FROM `it_user` WHERE ( username='liutao' ) LIMIT 1   [ RunTime:0.0020s ]
SQL: SHOW COLUMNS FROM `it_cart` [ RunTime:0.0240s ]
SQL: SELECT * FROM `it_cart` WHERE ( user_id=8 and goods_id=2 and goods_attr_id='17,23' ) LIMIT 1   [ RunTime:0.0010s ]
SQL: UPDATE `it_cart` SET `goods_count`=goods_count+1 WHERE ( user_id=8 and goods_id=2 and goods_attr_id='17,23' ) [ RunTime:0.0510s ]
INFO: [ view_parse ] --START--
INFO: [ template_filter ] --START--
INFO: Run Behavior\ContentReplaceBehavior [ RunTime:0.000000s ]
INFO: [ template_filter ] --END-- [ RunTime:0.001000s ]
INFO: Run Behavior\ParseTemplateBehavior [ RunTime:0.046002s ]
INFO: [ view_parse ] --END-- [ RunTime:0.046002s ]
INFO: [ view_filter ] --START--
INFO: Run Behavior\WriteHtmlCacheBehavior [ RunTime:0.005001s ]
INFO: [ view_filter ] --END-- [ RunTime:0.007001s ]

[ 2017-04-21T21:35:50+08:00 ] 127.0.0.1 /Home/Order/checkout.html
INFO: [ app_init ] --START--
INFO: Run Behavior\BuildLiteBehavior [ RunTime:0.000000s ]
INFO: [ app_init ] --END-- [ RunTime:0.004001s ]
INFO: [ app_begin ] --START--
INFO: Run Behavior\ReadHtmlCacheBehavior [ RunTime:0.004000s ]
INFO: [ app_begin ] --END-- [ RunTime:0.005000s ]
SQL: SHOW COLUMNS FROM `it_cart` [ RunTime:0.0300s ]
SQL: SELECT * FROM `it_cart` WHERE ( user_id=8 )  [ RunTime:0.0020s ]
SQL: SHOW COLUMNS FROM `it_goods` [ RunTime:0.0310s ]
SQL: SELECT `id`,`goods_name`,`goods_thumb`,`shop_price` FROM `it_goods` WHERE ( id=2 ) LIMIT 1   [ RunTime:0.0020s ]
SQL: select  group_concat(concat(b.attr_name,':',a.attr_value) separator '<br/>')  as attrs
                from it_goods_attr  a left join it_attribute   b  on  a.goods_attr_id=b.id where a.goods_id=2 and a.id in(17,23) [ RunTime:0.0040s ]
INFO: [ view_parse ] --START--
INFO: [ template_filter ] --START--
INFO: Run Behavior\ContentReplaceBehavior [ RunTime:0.002000s ]
INFO: [ template_filter ] --END-- [ RunTime:0.002000s ]
INFO: Run Behavior\ParseTemplateBehavior [ RunTime:0.068004s ]
INFO: [ view_parse ] --END-- [ RunTime:0.069004s ]
INFO: [ view_filter ] --START--
INFO: Run Behavior\WriteHtmlCacheBehavior [ RunTime:0.002000s ]
INFO: [ view_filter ] --END-- [ RunTime:0.002000s ]
INFO: [ app_end ] --START--
INFO: Run Behavior\ShowPageTraceBehavior [ RunTime:0.004000s ]
INFO: [ app_end ] --END-- [ RunTime:0.005000s ]

[ 2017-04-21T21:36:02+08:00 ] 127.0.0.1 /Home/Order/checkout.html
INFO: [ app_init ] --START--
INFO: Run Behavior\BuildLiteBehavior [ RunTime:0.000000s ]
INFO: [ app_init ] --END-- [ RunTime:0.004000s ]
INFO: [ app_begin ] --START--
INFO: Run Behavior\ReadHtmlCacheBehavior [ RunTime:0.005001s ]
INFO: [ app_begin ] --END-- [ RunTime:0.005001s ]
SQL: SHOW COLUMNS FROM `it_cart` [ RunTime:0.0200s ]
SQL: SELECT * FROM `it_cart` WHERE ( user_id=8 )  [ RunTime:0.0010s ]
SQL: SHOW COLUMNS FROM `it_goods` [ RunTime:0.0230s ]
SQL: SELECT `id`,`goods_name`,`goods_thumb`,`shop_price` FROM `it_goods` WHERE ( id=2 ) LIMIT 1   [ RunTime:0.0030s ]
SQL: select  group_concat(concat(b.attr_name,':',a.attr_value) separator '<br/>')  as attrs
                from it_goods_attr  a left join it_attribute   b  on  a.goods_attr_id=b.id where a.goods_id=2 and a.id in(17,23) [ RunTime:0.0030s ]
INFO: [ view_parse ] --START--
INFO: [ template_filter ] --START--
INFO: Run Behavior\ContentReplaceBehavior [ RunTime:0.001000s ]
INFO: [ template_filter ] --END-- [ RunTime:0.001000s ]
INFO: Run Behavior\ParseTemplateBehavior [ RunTime:0.068003s ]
INFO: [ view_parse ] --END-- [ RunTime:0.068003s ]
INFO: [ view_filter ] --START--
INFO: Run Behavior\WriteHtmlCacheBehavior [ RunTime:0.003001s ]
INFO: [ view_filter ] --END-- [ RunTime:0.003001s ]
INFO: [ app_end ] --START--
INFO: Run Behavior\ShowPageTraceBehavior [ RunTime:0.005000s ]
INFO: [ app_end ] --END-- [ RunTime:0.005000s ]

[ 2017-04-21T21:36:03+08:00 ] 127.0.0.1 /Home/Order/checkout.html
INFO: [ app_init ] --START--
INFO: Run Behavior\BuildLiteBehavior [ RunTime:0.001000s ]
INFO: [ app_init ] --END-- [ RunTime:0.003000s ]
INFO: [ app_begin ] --START--
INFO: Run Behavior\ReadHtmlCacheBehavior [ RunTime:0.004000s ]
INFO: [ app_begin ] --END-- [ RunTime:0.004000s ]
SQL: SHOW COLUMNS FROM `it_cart` [ RunTime:0.0210s ]
SQL: SELECT * FROM `it_cart` WHERE ( user_id=8 )  [ RunTime:0.0010s ]
SQL: SHOW COLUMNS FROM `it_goods` [ RunTime:0.0260s ]
SQL: SELECT `id`,`goods_name`,`goods_thumb`,`shop_price` FROM `it_goods` WHERE ( id=2 ) LIMIT 1   [ RunTime:0.0040s ]
SQL: select  group_concat(concat(b.attr_name,':',a.attr_value) separator '<br/>')  as attrs
                from it_goods_attr  a left join it_attribute   b  on  a.goods_attr_id=b.id where a.goods_id=2 and a.id in(17,23) [ RunTime:0.0040s ]
INFO: [ view_parse ] --START--
INFO: [ template_filter ] --START--
INFO: Run Behavior\ContentReplaceBehavior [ RunTime:0.001000s ]
INFO: [ template_filter ] --END-- [ RunTime:0.001000s ]
INFO: Run Behavior\ParseTemplateBehavior [ RunTime:0.065004s ]
INFO: [ view_parse ] --END-- [ RunTime:0.065004s ]
INFO: [ view_filter ] --START--
INFO: Run Behavior\WriteHtmlCacheBehavior [ RunTime:0.002000s ]
INFO: [ view_filter ] --END-- [ RunTime:0.002000s ]
INFO: [ app_end ] --START--
INFO: Run Behavior\ShowPageTraceBehavior [ RunTime:0.004000s ]
INFO: [ app_end ] --END-- [ RunTime:0.006000s ]

