[ 2017-04-22T10:45:14+08:00 ] 127.0.0.1 /Home/Order/checkout.html
INFO: [ app_init ] --START--
INFO: Run Behavior\BuildLiteBehavior [ RunTime:0.000000s ]
INFO: [ app_init ] --END-- [ RunTime:0.004000s ]
INFO: [ app_begin ] --START--
INFO: Run Behavior\ReadHtmlCacheBehavior [ RunTime:0.006001s ]
INFO: [ app_begin ] --END-- [ RunTime:0.007001s ]
SQL: SHOW COLUMNS FROM `it_cart` [ RunTime:0.0240s ]
SQL: SELECT * FROM `it_cart` WHERE ( user_id=8 )  [ RunTime:0.0020s ]
SQL: SHOW COLUMNS FROM `it_goods` [ RunTime:0.0310s ]
SQL: SELECT `id`,`goods_name`,`goods_thumb`,`shop_price` FROM `it_goods` WHERE ( id=2 ) LIMIT 1   [ RunTime:0.0030s ]
SQL: select  group_concat(concat(b.attr_name,':',a.attr_value) separator '<br/>')  as attrs
                from it_goods_attr  a left join it_attribute   b  on  a.goods_attr_id=b.id where a.goods_id=2 and a.id in(17,23) [ RunTime:0.0120s ]
SQL: SELECT * FROM `it_cart` WHERE ( user_id=8 )  [ RunTime:0.0010s ]
SQL: SELECT `id`,`goods_name`,`goods_thumb`,`shop_price` FROM `it_goods` WHERE ( id=2 ) LIMIT 1   [ RunTime:0.0020s ]
SQL: select  group_concat(concat(b.attr_name,':',a.attr_value) separator '<br/>')  as attrs
                from it_goods_attr  a left join it_attribute   b  on  a.goods_attr_id=b.id where a.goods_id=2 and a.id in(17,23) [ RunTime:0.0030s ]
INFO: [ view_parse ] --START--
INFO: [ template_filter ] --START--
INFO: Run Behavior\ContentReplaceBehavior [ RunTime:0.001000s ]
INFO: [ template_filter ] --END-- [ RunTime:0.002000s ]

[ 2017-04-22T10:49:14+08:00 ] 127.0.0.1 /Home/Order/checkout.html
INFO: [ app_init ] --START--
INFO: Run Behavior\BuildLiteBehavior [ RunTime:0.000000s ]
INFO: [ app_init ] --END-- [ RunTime:0.004000s ]
INFO: [ app_begin ] --START--
INFO: Run Behavior\ReadHtmlCacheBehavior [ RunTime:0.005000s ]
INFO: [ app_begin ] --END-- [ RunTime:0.006000s ]
SQL: SHOW COLUMNS FROM `it_cart` [ RunTime:0.0210s ]
SQL: SELECT * FROM `it_cart` WHERE ( user_id=8 )  [ RunTime:0.0020s ]
SQL: SHOW COLUMNS FROM `it_goods` [ RunTime:0.0230s ]
SQL: SELECT `id`,`goods_name`,`goods_thumb`,`shop_price` FROM `it_goods` WHERE ( id=2 ) LIMIT 1   [ RunTime:0.0010s ]
SQL: select  group_concat(concat(b.attr_name,':',a.attr_value) separator '<br/>')  as attrs
                from it_goods_attr  a left join it_attribute   b  on  a.goods_attr_id=b.id where a.goods_id=2 and a.id in(17,23) [ RunTime:0.0020s ]
SQL: SELECT * FROM `it_cart` WHERE ( user_id=8 )  [ RunTime:0.0010s ]
SQL: SELECT `id`,`goods_name`,`goods_thumb`,`shop_price` FROM `it_goods` WHERE ( id=2 ) LIMIT 1   [ RunTime:0.0010s ]
SQL: select  group_concat(concat(b.attr_name,':',a.attr_value) separator '<br/>')  as attrs
                from it_goods_attr  a left join it_attribute   b  on  a.goods_attr_id=b.id where a.goods_id=2 and a.id in(17,23) [ RunTime:0.0020s ]
INFO: [ view_parse ] --START--
INFO: [ template_filter ] --START--
INFO: Run Behavior\ContentReplaceBehavior [ RunTime:0.000000s ]
INFO: [ template_filter ] --END-- [ RunTime:0.002000s ]

[ 2017-04-22T10:49:35+08:00 ] 127.0.0.1 /Home/Order/checkout.html
INFO: [ app_init ] --START--
INFO: Run Behavior\BuildLiteBehavior [ RunTime:0.000000s ]
INFO: [ app_init ] --END-- [ RunTime:0.005000s ]
INFO: [ app_begin ] --START--
INFO: Run Behavior\ReadHtmlCacheBehavior [ RunTime:0.005000s ]
INFO: [ app_begin ] --END-- [ RunTime:0.006000s ]
SQL: SHOW COLUMNS FROM `it_cart` [ RunTime:0.0230s ]
SQL: SELECT * FROM `it_cart` WHERE ( user_id=8 )  [ RunTime:0.0010s ]
SQL: SHOW COLUMNS FROM `it_goods` [ RunTime:0.0360s ]
SQL: SELECT `id`,`goods_name`,`goods_thumb`,`shop_price` FROM `it_goods` WHERE ( id=2 ) LIMIT 1   [ RunTime:0.0030s ]
SQL: select  group_concat(concat(b.attr_name,':',a.attr_value) separator '<br/>')  as attrs
                from it_goods_attr  a left join it_attribute   b  on  a.goods_attr_id=b.id where a.goods_id=2 and a.id in(17,23) [ RunTime:0.0020s ]
SQL: SELECT * FROM `it_cart` WHERE ( user_id=8 )  [ RunTime:0.0020s ]
SQL: SELECT `id`,`goods_name`,`goods_thumb`,`shop_price` FROM `it_goods` WHERE ( id=2 ) LIMIT 1   [ RunTime:0.0010s ]
SQL: select  group_concat(concat(b.attr_name,':',a.attr_value) separator '<br/>')  as attrs
                from it_goods_attr  a left join it_attribute   b  on  a.goods_attr_id=b.id where a.goods_id=2 and a.id in(17,23) [ RunTime:0.0020s ]
INFO: [ view_parse ] --START--
INFO: [ template_filter ] --START--
INFO: Run Behavior\ContentReplaceBehavior [ RunTime:0.001000s ]
INFO: [ template_filter ] --END-- [ RunTime:0.001000s ]
INFO: Run Behavior\ParseTemplateBehavior [ RunTime:0.062004s ]
INFO: [ view_parse ] --END-- [ RunTime:0.062004s ]
INFO: [ view_filter ] --START--
INFO: Run Behavior\WriteHtmlCacheBehavior [ RunTime:0.002000s ]
INFO: [ view_filter ] --END-- [ RunTime:0.002000s ]
INFO: [ app_end ] --START--
INFO: Run Behavior\ShowPageTraceBehavior [ RunTime:0.005000s ]
INFO: [ app_end ] --END-- [ RunTime:0.006000s ]

[ 2017-04-22T15:06:00+08:00 ] 127.0.0.1 /Home/Order/checkout.html
INFO: [ app_init ] --START--
INFO: Run Behavior\BuildLiteBehavior [ RunTime:0.001000s ]
INFO: [ app_init ] --END-- [ RunTime:0.004000s ]
INFO: [ app_begin ] --START--
INFO: Run Behavior\ReadHtmlCacheBehavior [ RunTime:0.007000s ]
INFO: [ app_begin ] --END-- [ RunTime:0.007000s ]
SQL: SHOW COLUMNS FROM `it_cart` [ RunTime:0.0280s ]
SQL: SELECT * FROM `it_cart` WHERE ( user_id=8 )  [ RunTime:0.0020s ]
SQL: SHOW COLUMNS FROM `it_goods` [ RunTime:0.0300s ]
SQL: SELECT `id`,`goods_name`,`goods_thumb`,`shop_price` FROM `it_goods` WHERE ( id=2 ) LIMIT 1   [ RunTime:0.0020s ]
SQL: select  group_concat(concat(b.attr_name,':',a.attr_value) separator '<br/>')  as attrs
                from it_goods_attr  a left join it_attribute   b  on  a.goods_attr_id=b.id where a.goods_id=2 and a.id in(17,23) [ RunTime:0.0090s ]
SQL: SELECT * FROM `it_cart` WHERE ( user_id=8 )  [ RunTime:0.0020s ]
SQL: SELECT `id`,`goods_name`,`goods_thumb`,`shop_price` FROM `it_goods` WHERE ( id=2 ) LIMIT 1   [ RunTime:0.0020s ]
SQL: select  group_concat(concat(b.attr_name,':',a.attr_value) separator '<br/>')  as attrs
                from it_goods_attr  a left join it_attribute   b  on  a.goods_attr_id=b.id where a.goods_id=2 and a.id in(17,23) [ RunTime:0.0020s ]
INFO: [ view_parse ] --START--
INFO: [ template_filter ] --START--
INFO: Run Behavior\ContentReplaceBehavior [ RunTime:0.000000s ]
INFO: [ template_filter ] --END-- [ RunTime:0.002000s ]
INFO: Run Behavior\ParseTemplateBehavior [ RunTime:0.067004s ]
INFO: [ view_parse ] --END-- [ RunTime:0.068004s ]
INFO: [ view_filter ] --START--
INFO: Run Behavior\WriteHtmlCacheBehavior [ RunTime:0.002000s ]
INFO: [ view_filter ] --END-- [ RunTime:0.002000s ]
INFO: [ app_end ] --START--
INFO: Run Behavior\ShowPageTraceBehavior [ RunTime:0.007001s ]
INFO: [ app_end ] --END-- [ RunTime:0.009001s ]

[ 2017-04-22T15:06:03+08:00 ] 127.0.0.1 /Home/Order/flow.html
INFO: [ app_init ] --START--
INFO: Run Behavior\BuildLiteBehavior [ RunTime:0.000000s ]
INFO: [ app_init ] --END-- [ RunTime:0.003000s ]
INFO: [ app_begin ] --START--
INFO: Run Behavior\ReadHtmlCacheBehavior [ RunTime:0.003000s ]
INFO: [ app_begin ] --END-- [ RunTime:0.004000s ]
SQL: SHOW COLUMNS FROM `it_cart` [ RunTime:0.0270s ]
SQL: SELECT * FROM `it_cart` WHERE ( user_id=8 )  [ RunTime:0.0010s ]
SQL: SHOW COLUMNS FROM `it_goods` [ RunTime:0.0290s ]
SQL: SELECT `id`,`goods_name`,`goods_thumb`,`shop_price` FROM `it_goods` WHERE ( id=2 ) LIMIT 1   [ RunTime:0.0020s ]
SQL: select  group_concat(concat(b.attr_name,':',a.attr_value) separator '<br/>')  as attrs
                from it_goods_attr  a left join it_attribute   b  on  a.goods_attr_id=b.id where a.goods_id=2 and a.id in(17,23) [ RunTime:0.0020s ]
SQL: SHOW COLUMNS FROM `it_order` [ RunTime:0.0620s ]
SQL: INSERT INTO `it_order` (`order_sn`,`user_id`,`order_amount`,`consignee`,`address`,`mobile`,`pay_name`,`shipping_name`,`add_time`) VALUES ('SN_A12F321492844762','8','10256','','','','0','1','1492844763') [ RunTime:0.0030s ]
SQL: SELECT * FROM `it_cart` WHERE ( user_id=8 )  [ RunTime:0.0020s ]
SQL: SELECT `id`,`goods_name`,`goods_thumb`,`shop_price` FROM `it_goods` WHERE ( id=2 ) LIMIT 1   [ RunTime:0.0010s ]
SQL: select  group_concat(concat(b.attr_name,':',a.attr_value) separator '<br/>')  as attrs
                from it_goods_attr  a left join it_attribute   b  on  a.goods_attr_id=b.id where a.goods_id=2 and a.id in(17,23) [ RunTime:0.0020s ]
SQL: SHOW COLUMNS FROM `it_order_goods` [ RunTime:0.0300s ]
SQL: INSERT INTO `it_order_goods` (`order_id`,`goods_name`,`shop_price`,`goods_attr_id`,`goods_count`) VALUES ('1','iphone 7','5128.00','17,23','2') [ RunTime:0.0020s ]
SQL: DELETE FROM `it_cart` WHERE ( user_id=8 ) [ RunTime:0.0020s ]
INFO: [ view_parse ] --START--
INFO: [ template_filter ] --START--
INFO: Run Behavior\ContentReplaceBehavior [ RunTime:0.001000s ]
INFO: [ template_filter ] --END-- [ RunTime:0.001000s ]
INFO: Run Behavior\ParseTemplateBehavior [ RunTime:0.051003s ]
INFO: [ view_parse ] --END-- [ RunTime:0.052003s ]
INFO: [ view_filter ] --START--
INFO: Run Behavior\WriteHtmlCacheBehavior [ RunTime:0.003000s ]
INFO: [ view_filter ] --END-- [ RunTime:0.003000s ]
INFO: [ app_end ] --START--
INFO: Run Behavior\ShowPageTraceBehavior [ RunTime:0.003000s ]
INFO: [ app_end ] --END-- [ RunTime:0.005000s ]

[ 2017-04-22T15:07:50+08:00 ] 127.0.0.1 /Home/Order/checkout.html
INFO: [ app_init ] --START--
INFO: Run Behavior\BuildLiteBehavior [ RunTime:0.000000s ]
INFO: [ app_init ] --END-- [ RunTime:0.005000s ]
INFO: [ app_begin ] --START--
INFO: Run Behavior\ReadHtmlCacheBehavior [ RunTime:0.005000s ]
INFO: [ app_begin ] --END-- [ RunTime:0.005000s ]
SQL: SHOW COLUMNS FROM `it_cart` [ RunTime:0.0260s ]
SQL: SELECT * FROM `it_cart` WHERE ( user_id=8 )  [ RunTime:0.0030s ]
INFO: [ view_parse ] --START--
INFO: [ template_filter ] --START--
INFO: Run Behavior\ContentReplaceBehavior [ RunTime:0.000000s ]
INFO: [ template_filter ] --END-- [ RunTime:0.001000s ]
INFO: Run Behavior\ParseTemplateBehavior [ RunTime:0.073004s ]
INFO: [ view_parse ] --END-- [ RunTime:0.074004s ]
INFO: [ view_filter ] --START--
INFO: Run Behavior\WriteHtmlCacheBehavior [ RunTime:0.002000s ]
INFO: [ view_filter ] --END-- [ RunTime:0.003000s ]

[ 2017-04-22T15:07:56+08:00 ] 127.0.0.1 /Home/Order/checkout.html
INFO: [ app_init ] --START--
INFO: Run Behavior\BuildLiteBehavior [ RunTime:0.000000s ]
INFO: [ app_init ] --END-- [ RunTime:0.004000s ]
INFO: [ app_begin ] --START--
INFO: Run Behavior\ReadHtmlCacheBehavior [ RunTime:0.004000s ]
INFO: [ app_begin ] --END-- [ RunTime:0.005000s ]
SQL: SHOW COLUMNS FROM `it_cart` [ RunTime:0.0230s ]
SQL: SELECT * FROM `it_cart` WHERE ( user_id=8 )  [ RunTime:0.0020s ]
INFO: [ view_parse ] --START--
INFO: [ template_filter ] --START--
INFO: Run Behavior\ContentReplaceBehavior [ RunTime:0.000000s ]
INFO: [ template_filter ] --END-- [ RunTime:0.001000s ]
INFO: Run Behavior\ParseTemplateBehavior [ RunTime:0.048003s ]
INFO: [ view_parse ] --END-- [ RunTime:0.050003s ]
INFO: [ view_filter ] --START--
INFO: Run Behavior\WriteHtmlCacheBehavior [ RunTime:0.002000s ]
INFO: [ view_filter ] --END-- [ RunTime:0.003000s ]

[ 2017-04-22T15:08:01+08:00 ] 127.0.0.1 /Home/Order/checkout.html
INFO: [ app_init ] --START--
INFO: Run Behavior\BuildLiteBehavior [ RunTime:0.000000s ]
INFO: [ app_init ] --END-- [ RunTime:0.003000s ]
INFO: [ app_begin ] --START--
INFO: Run Behavior\ReadHtmlCacheBehavior [ RunTime:0.003000s ]
INFO: [ app_begin ] --END-- [ RunTime:0.005000s ]
SQL: SHOW COLUMNS FROM `it_cart` [ RunTime:0.0290s ]
SQL: SELECT * FROM `it_cart` WHERE ( user_id=8 )  [ RunTime:0.0020s ]
INFO: [ view_parse ] --START--
INFO: [ template_filter ] --START--
INFO: Run Behavior\ContentReplaceBehavior [ RunTime:0.000000s ]
INFO: [ template_filter ] --END-- [ RunTime:0.001000s ]
INFO: Run Behavior\ParseTemplateBehavior [ RunTime:0.048002s ]
INFO: [ view_parse ] --END-- [ RunTime:0.048002s ]
INFO: [ view_filter ] --START--
INFO: Run Behavior\WriteHtmlCacheBehavior [ RunTime:0.005001s ]
INFO: [ view_filter ] --END-- [ RunTime:0.005001s ]

[ 2017-04-22T15:08:04+08:00 ] 127.0.0.1 /Home/User/authcode
INFO: [ app_init ] --START--
INFO: Run Behavior\BuildLiteBehavior [ RunTime:0.000000s ]
INFO: [ app_init ] --END-- [ RunTime:0.005000s ]
INFO: [ app_begin ] --START--
INFO: Run Behavior\ReadHtmlCacheBehavior [ RunTime:0.006000s ]
INFO: [ app_begin ] --END-- [ RunTime:0.007000s ]
INFO: [ app_end ] --START--
INFO: Run Behavior\ShowPageTraceBehavior [ RunTime:0.006000s ]
INFO: [ app_end ] --END-- [ RunTime:0.009000s ]

[ 2017-04-22T15:08:09+08:00 ] 127.0.0.1 /Home/Cart/cartList.html
INFO: [ app_init ] --START--
INFO: Run Behavior\BuildLiteBehavior [ RunTime:0.001000s ]
INFO: [ app_init ] --END-- [ RunTime:0.004000s ]
INFO: [ app_begin ] --START--
INFO: Run Behavior\ReadHtmlCacheBehavior [ RunTime:0.005001s ]
INFO: [ app_begin ] --END-- [ RunTime:0.007001s ]
SQL: SHOW COLUMNS FROM `it_cart` [ RunTime:0.0330s ]
SQL: SELECT * FROM `it_cart` WHERE ( user_id=8 )  [ RunTime:0.0020s ]
SQL: SELECT * FROM `it_cart` WHERE ( user_id=8 )  [ RunTime:0.0020s ]
INFO: [ view_parse ] --START--
INFO: [ template_filter ] --START--
INFO: Run Behavior\ContentReplaceBehavior [ RunTime:0.001000s ]
INFO: [ template_filter ] --END-- [ RunTime:0.001000s ]
INFO: Run Behavior\ParseTemplateBehavior [ RunTime:0.132007s ]
INFO: [ view_parse ] --END-- [ RunTime:0.134007s ]
INFO: [ view_filter ] --START--
INFO: Run Behavior\WriteHtmlCacheBehavior [ RunTime:0.006001s ]
INFO: [ view_filter ] --END-- [ RunTime:0.006001s ]
INFO: [ app_end ] --START--
INFO: Run Behavior\ShowPageTraceBehavior [ RunTime:0.006000s ]
INFO: [ app_end ] --END-- [ RunTime:0.006000s ]

[ 2017-04-22T15:08:14+08:00 ] 127.0.0.1 /Home/Cart/cartList.html
INFO: [ app_init ] --START--
INFO: Run Behavior\BuildLiteBehavior [ RunTime:0.000000s ]
INFO: [ app_init ] --END-- [ RunTime:0.011001s ]
INFO: [ app_begin ] --START--
INFO: Run Behavior\ReadHtmlCacheBehavior [ RunTime:0.005000s ]
INFO: [ app_begin ] --END-- [ RunTime:0.006000s ]
SQL: SHOW COLUMNS FROM `it_cart` [ RunTime:0.0380s ]
SQL: SELECT * FROM `it_cart` WHERE ( user_id=8 )  [ RunTime:0.0030s ]
SQL: SELECT * FROM `it_cart` WHERE ( user_id=8 )  [ RunTime:0.0020s ]
INFO: [ view_parse ] --START--
INFO: [ template_filter ] --START--
INFO: Run Behavior\ContentReplaceBehavior [ RunTime:0.001000s ]
INFO: [ template_filter ] --END-- [ RunTime:0.001000s ]
INFO: Run Behavior\ParseTemplateBehavior [ RunTime:0.061004s ]
INFO: [ view_parse ] --END-- [ RunTime:0.061004s ]
INFO: [ view_filter ] --START--
INFO: Run Behavior\WriteHtmlCacheBehavior [ RunTime:0.001000s ]
INFO: [ view_filter ] --END-- [ RunTime:0.002000s ]
INFO: [ app_end ] --START--
INFO: Run Behavior\ShowPageTraceBehavior [ RunTime:0.004000s ]
INFO: [ app_end ] --END-- [ RunTime:0.005000s ]

[ 2017-04-22T15:08:17+08:00 ] 127.0.0.1 /Home/Index/index.html
INFO: [ app_init ] --START--
INFO: Run Behavior\BuildLiteBehavior [ RunTime:0.000000s ]
INFO: [ app_init ] --END-- [ RunTime:0.005000s ]
INFO: [ app_begin ] --START--
INFO: Run Behavior\ReadHtmlCacheBehavior [ RunTime:0.006000s ]
INFO: [ app_begin ] --END-- [ RunTime:0.007000s ]
SQL: SHOW COLUMNS FROM `it_goods` [ RunTime:0.0340s ]
NOTIC: [8] Undefined variable: sum D:\WWW\ecshop\App\Admin\Model\GoodsModel.class.php 第 104 行.
SQL: SELECT `id`,`goods_name`,`goods_thumb`,`shop_price` FROM `it_goods` WHERE ( is_new=1 and is_sale=1 and is_delete=0 ) ORDER BY id desc  [ RunTime:0.0020s ]
NOTIC: [8] Undefined variable: sum D:\WWW\ecshop\App\Admin\Model\GoodsModel.class.php 第 104 行.
SQL: SELECT `id`,`goods_name`,`goods_thumb`,`shop_price` FROM `it_goods` WHERE ( is_hot=1 and is_sale=1 and is_delete=0 ) ORDER BY id desc  [ RunTime:0.0020s ]
NOTIC: [8] Undefined variable: sum D:\WWW\ecshop\App\Admin\Model\GoodsModel.class.php 第 104 行.
SQL: SELECT `id`,`goods_name`,`goods_thumb`,`shop_price` FROM `it_goods` WHERE ( is_best=1 and is_sale=1 and is_delete=0 ) ORDER BY id desc  [ RunTime:0.0020s ]
SQL: SHOW COLUMNS FROM `it_category` [ RunTime:0.0310s ]
SQL: SELECT * FROM `it_category`  [ RunTime:0.0020s ]
INFO: [ view_parse ] --START--
INFO: [ template_filter ] --START--
INFO: Run Behavior\ContentReplaceBehavior [ RunTime:0.002000s ]
INFO: [ template_filter ] --END-- [ RunTime:0.002000s ]
INFO: Run Behavior\ParseTemplateBehavior [ RunTime:0.195012s ]
INFO: [ view_parse ] --END-- [ RunTime:0.195012s ]
INFO: [ view_filter ] --START--
INFO: Run Behavior\WriteHtmlCacheBehavior [ RunTime:0.002000s ]
INFO: [ view_filter ] --END-- [ RunTime:0.004000s ]
INFO: [ app_end ] --START--
INFO: Run Behavior\ShowPageTraceBehavior [ RunTime:0.013001s ]
INFO: [ app_end ] --END-- [ RunTime:0.021001s ]

[ 2017-04-22T15:08:22+08:00 ] 127.0.0.1 /Home/Index/index.html
INFO: [ app_init ] --START--
INFO: Run Behavior\BuildLiteBehavior [ RunTime:0.001000s ]
INFO: [ app_init ] --END-- [ RunTime:0.004000s ]
INFO: [ app_begin ] --START--
INFO: Run Behavior\ReadHtmlCacheBehavior [ RunTime:0.005001s ]
INFO: [ app_begin ] --END-- [ RunTime:0.005001s ]
SQL: SHOW COLUMNS FROM `it_goods` [ RunTime:0.0430s ]
NOTIC: [8] Undefined variable: sum D:\WWW\ecshop\App\Admin\Model\GoodsModel.class.php 第 104 行.
SQL: SELECT `id`,`goods_name`,`goods_thumb`,`shop_price` FROM `it_goods` WHERE ( is_new=1 and is_sale=1 and is_delete=0 ) ORDER BY id desc  [ RunTime:0.0030s ]
NOTIC: [8] Undefined variable: sum D:\WWW\ecshop\App\Admin\Model\GoodsModel.class.php 第 104 行.
SQL: SELECT `id`,`goods_name`,`goods_thumb`,`shop_price` FROM `it_goods` WHERE ( is_hot=1 and is_sale=1 and is_delete=0 ) ORDER BY id desc  [ RunTime:0.0110s ]
NOTIC: [8] Undefined variable: sum D:\WWW\ecshop\App\Admin\Model\GoodsModel.class.php 第 104 行.
SQL: SELECT `id`,`goods_name`,`goods_thumb`,`shop_price` FROM `it_goods` WHERE ( is_best=1 and is_sale=1 and is_delete=0 ) ORDER BY id desc  [ RunTime:0.0020s ]
SQL: SHOW COLUMNS FROM `it_category` [ RunTime:0.0380s ]
SQL: SELECT * FROM `it_category`  [ RunTime:0.0030s ]
INFO: [ view_parse ] --START--
INFO: [ template_filter ] --START--
INFO: Run Behavior\ContentReplaceBehavior [ RunTime:0.001000s ]
INFO: [ template_filter ] --END-- [ RunTime:0.003000s ]
INFO: Run Behavior\ParseTemplateBehavior [ RunTime:0.153009s ]
INFO: [ view_parse ] --END-- [ RunTime:0.154009s ]
INFO: [ view_filter ] --START--
INFO: Run Behavior\WriteHtmlCacheBehavior [ RunTime:0.002000s ]
INFO: [ view_filter ] --END-- [ RunTime:0.003000s ]
INFO: [ app_end ] --START--
INFO: Run Behavior\ShowPageTraceBehavior [ RunTime:0.006000s ]
INFO: [ app_end ] --END-- [ RunTime:0.007000s ]

[ 2017-04-22T15:08:27+08:00 ] 127.0.0.1 /Home/Index/detail/id/2.html
INFO: [ app_init ] --START--
INFO: Run Behavior\BuildLiteBehavior [ RunTime:0.000000s ]
INFO: [ app_init ] --END-- [ RunTime:0.003000s ]
INFO: [ app_begin ] --START--
INFO: Run Behavior\ReadHtmlCacheBehavior [ RunTime:0.003000s ]
INFO: [ app_begin ] --END-- [ RunTime:0.004000s ]
SQL: SHOW COLUMNS FROM `it_goods` [ RunTime:0.0260s ]
SQL: SELECT `id`,`goods_name`,`goods_img`,`goods_sn`,`shop_price`,`add_time`,`goods_ori` FROM `it_goods` WHERE `id` = 2 LIMIT 1   [ RunTime:0.0030s ]
SQL: SHOW COLUMNS FROM `it_goods_attr` [ RunTime:0.0230s ]
SQL: SELECT a.*,b.attr_name,b.attr_type FROM `it_goods_attr` a left join it_attribute b on a.goods_attr_id=b.id  WHERE ( a.goods_id=2 )  [ RunTime:0.0020s ]
INFO: [ view_parse ] --START--
INFO: [ template_filter ] --START--
INFO: Run Behavior\ContentReplaceBehavior [ RunTime:0.002000s ]
INFO: [ template_filter ] --END-- [ RunTime:0.003000s ]
NOTIC: [8] Undefined variable: catedata D:\WWW\ecshop\App\Runtime\Cache\Home\56563fb70bfd45c5e738bfc14042f337.php 第 170 行.
NOTIC: [2] Invalid argument supplied for foreach() D:\WWW\ecshop\App\Runtime\Cache\Home\56563fb70bfd45c5e738bfc14042f337.php 第 170 行.
INFO: Run Behavior\ParseTemplateBehavior [ RunTime:0.156009s ]
INFO: [ view_parse ] --END-- [ RunTime:0.158009s ]
INFO: [ view_filter ] --START--
INFO: Run Behavior\WriteHtmlCacheBehavior [ RunTime:0.003000s ]
INFO: [ view_filter ] --END-- [ RunTime:0.003000s ]
INFO: [ app_end ] --START--
INFO: Run Behavior\ShowPageTraceBehavior [ RunTime:0.013001s ]
INFO: [ app_end ] --END-- [ RunTime:0.014001s ]

[ 2017-04-22T15:08:32+08:00 ] 127.0.0.1 /Home/Cart/addCart.html
INFO: [ app_init ] --START--
INFO: Run Behavior\BuildLiteBehavior [ RunTime:0.001000s ]
INFO: [ app_init ] --END-- [ RunTime:0.003000s ]
INFO: [ app_begin ] --START--
INFO: Run Behavior\ReadHtmlCacheBehavior [ RunTime:0.005000s ]
INFO: [ app_begin ] --END-- [ RunTime:0.006000s ]
SQL: SHOW COLUMNS FROM `it_cart` [ RunTime:0.0220s ]
SQL: SELECT * FROM `it_cart` WHERE ( user_id=8 and goods_id=2 and goods_attr_id='17,23' ) LIMIT 1   [ RunTime:0.0020s ]
SQL: INSERT INTO `it_cart` (`goods_id`,`goods_attr_id`,`goods_count`,`user_id`) VALUES ('2','17,23','1','8') [ RunTime:0.0020s ]
INFO: [ view_parse ] --START--
INFO: [ template_filter ] --START--
INFO: Run Behavior\ContentReplaceBehavior [ RunTime:0.001000s ]
INFO: [ template_filter ] --END-- [ RunTime:0.001000s ]
INFO: Run Behavior\ParseTemplateBehavior [ RunTime:0.036002s ]
INFO: [ view_parse ] --END-- [ RunTime:0.036002s ]
INFO: [ view_filter ] --START--
INFO: Run Behavior\WriteHtmlCacheBehavior [ RunTime:0.003000s ]
INFO: [ view_filter ] --END-- [ RunTime:0.004000s ]
INFO: [ app_end ] --START--
INFO: Run Behavior\ShowPageTraceBehavior [ RunTime:0.003000s ]
INFO: [ app_end ] --END-- [ RunTime:0.004000s ]

[ 2017-04-22T15:08:34+08:00 ] 127.0.0.1 /Home/Cart/cartList.html
INFO: [ app_init ] --START--
INFO: Run Behavior\BuildLiteBehavior [ RunTime:0.000000s ]
INFO: [ app_init ] --END-- [ RunTime:0.005001s ]
INFO: [ app_begin ] --START--
INFO: Run Behavior\ReadHtmlCacheBehavior [ RunTime:0.005000s ]
INFO: [ app_begin ] --END-- [ RunTime:0.005000s ]
SQL: SHOW COLUMNS FROM `it_cart` [ RunTime:0.0230s ]
SQL: SELECT * FROM `it_cart` WHERE ( user_id=8 )  [ RunTime:0.0010s ]
SQL: SHOW COLUMNS FROM `it_goods` [ RunTime:0.0340s ]
SQL: SELECT `id`,`goods_name`,`goods_thumb`,`shop_price` FROM `it_goods` WHERE ( id=2 ) LIMIT 1   [ RunTime:0.0020s ]
SQL: select  group_concat(concat(b.attr_name,':',a.attr_value) separator '<br/>')  as attrs
                from it_goods_attr  a left join it_attribute   b  on  a.goods_attr_id=b.id where a.goods_id=2 and a.id in(17,23) [ RunTime:0.0030s ]
SQL: SELECT * FROM `it_cart` WHERE ( user_id=8 )  [ RunTime:0.0020s ]
SQL: SELECT `id`,`goods_name`,`goods_thumb`,`shop_price` FROM `it_goods` WHERE ( id=2 ) LIMIT 1   [ RunTime:0.0040s ]
SQL: select  group_concat(concat(b.attr_name,':',a.attr_value) separator '<br/>')  as attrs
                from it_goods_attr  a left join it_attribute   b  on  a.goods_attr_id=b.id where a.goods_id=2 and a.id in(17,23) [ RunTime:0.0070s ]
INFO: [ view_parse ] --START--
INFO: [ template_filter ] --START--
INFO: Run Behavior\ContentReplaceBehavior [ RunTime:0.000000s ]
INFO: [ template_filter ] --END-- [ RunTime:0.002000s ]
INFO: Run Behavior\ParseTemplateBehavior [ RunTime:0.068004s ]
INFO: [ view_parse ] --END-- [ RunTime:0.069004s ]
INFO: [ view_filter ] --START--
INFO: Run Behavior\WriteHtmlCacheBehavior [ RunTime:0.003000s ]
INFO: [ view_filter ] --END-- [ RunTime:0.003000s ]
INFO: [ app_end ] --START--
INFO: Run Behavior\ShowPageTraceBehavior [ RunTime:0.004000s ]
INFO: [ app_end ] --END-- [ RunTime:0.005000s ]

[ 2017-04-22T15:08:39+08:00 ] 127.0.0.1 /Home/Order/checkout.html
INFO: [ app_init ] --START--
INFO: Run Behavior\BuildLiteBehavior [ RunTime:0.000000s ]
INFO: [ app_init ] --END-- [ RunTime:0.006001s ]
INFO: [ app_begin ] --START--
INFO: Run Behavior\ReadHtmlCacheBehavior [ RunTime:0.005000s ]
INFO: [ app_begin ] --END-- [ RunTime:0.005000s ]
SQL: SHOW COLUMNS FROM `it_cart` [ RunTime:0.0200s ]
SQL: SELECT * FROM `it_cart` WHERE ( user_id=8 )  [ RunTime:0.0010s ]
SQL: SHOW COLUMNS FROM `it_goods` [ RunTime:0.0260s ]
SQL: SELECT `id`,`goods_name`,`goods_thumb`,`shop_price` FROM `it_goods` WHERE ( id=2 ) LIMIT 1   [ RunTime:0.0020s ]
SQL: select  group_concat(concat(b.attr_name,':',a.attr_value) separator '<br/>')  as attrs
                from it_goods_attr  a left join it_attribute   b  on  a.goods_attr_id=b.id where a.goods_id=2 and a.id in(17,23) [ RunTime:0.0030s ]
SQL: SELECT * FROM `it_cart` WHERE ( user_id=8 )  [ RunTime:0.0020s ]
SQL: SELECT `id`,`goods_name`,`goods_thumb`,`shop_price` FROM `it_goods` WHERE ( id=2 ) LIMIT 1   [ RunTime:0.0010s ]
SQL: select  group_concat(concat(b.attr_name,':',a.attr_value) separator '<br/>')  as attrs
                from it_goods_attr  a left join it_attribute   b  on  a.goods_attr_id=b.id where a.goods_id=2 and a.id in(17,23) [ RunTime:0.0030s ]
INFO: [ view_parse ] --START--
INFO: [ template_filter ] --START--
INFO: Run Behavior\ContentReplaceBehavior [ RunTime:0.001000s ]
INFO: [ template_filter ] --END-- [ RunTime:0.001000s ]
INFO: Run Behavior\ParseTemplateBehavior [ RunTime:0.069004s ]
INFO: [ view_parse ] --END-- [ RunTime:0.070004s ]
INFO: [ view_filter ] --START--
INFO: Run Behavior\WriteHtmlCacheBehavior [ RunTime:0.002000s ]
INFO: [ view_filter ] --END-- [ RunTime:0.003000s ]
INFO: [ app_end ] --START--
INFO: Run Behavior\ShowPageTraceBehavior [ RunTime:0.005001s ]
INFO: [ app_end ] --END-- [ RunTime:0.005001s ]

[ 2017-04-22T15:09:01+08:00 ] 127.0.0.1 /Home/Order/checkout.html
INFO: [ app_init ] --START--
INFO: Run Behavior\BuildLiteBehavior [ RunTime:0.000000s ]
INFO: [ app_init ] --END-- [ RunTime:0.004000s ]
INFO: [ app_begin ] --START--
INFO: Run Behavior\ReadHtmlCacheBehavior [ RunTime:0.004000s ]
INFO: [ app_begin ] --END-- [ RunTime:0.004000s ]
SQL: SHOW COLUMNS FROM `it_cart` [ RunTime:0.0350s ]
SQL: SELECT * FROM `it_cart` WHERE ( user_id=8 )  [ RunTime:0.0080s ]
SQL: SHOW COLUMNS FROM `it_goods` [ RunTime:0.0300s ]
SQL: SELECT `id`,`goods_name`,`goods_thumb`,`shop_price` FROM `it_goods` WHERE ( id=2 ) LIMIT 1   [ RunTime:0.0020s ]
SQL: select  group_concat(concat(b.attr_name,':',a.attr_value) separator '<br/>')  as attrs
                from it_goods_attr  a left join it_attribute   b  on  a.goods_attr_id=b.id where a.goods_id=2 and a.id in(17,23) [ RunTime:0.0030s ]
SQL: SELECT * FROM `it_cart` WHERE ( user_id=8 )  [ RunTime:0.0010s ]
SQL: SELECT `id`,`goods_name`,`goods_thumb`,`shop_price` FROM `it_goods` WHERE ( id=2 ) LIMIT 1   [ RunTime:0.0020s ]
SQL: select  group_concat(concat(b.attr_name,':',a.attr_value) separator '<br/>')  as attrs
                from it_goods_attr  a left join it_attribute   b  on  a.goods_attr_id=b.id where a.goods_id=2 and a.id in(17,23) [ RunTime:0.0020s ]
INFO: [ view_parse ] --START--
INFO: [ template_filter ] --START--
INFO: Run Behavior\ContentReplaceBehavior [ RunTime:0.001001s ]
INFO: [ template_filter ] --END-- [ RunTime:0.002001s ]
INFO: Run Behavior\ParseTemplateBehavior [ RunTime:0.112007s ]
INFO: [ view_parse ] --END-- [ RunTime:0.112007s ]
INFO: [ view_filter ] --START--
INFO: Run Behavior\WriteHtmlCacheBehavior [ RunTime:0.003000s ]
INFO: [ view_filter ] --END-- [ RunTime:0.003000s ]
INFO: [ app_end ] --START--
INFO: Run Behavior\ShowPageTraceBehavior [ RunTime:0.007001s ]
INFO: [ app_end ] --END-- [ RunTime:0.008001s ]

[ 2017-04-22T15:09:08+08:00 ] 127.0.0.1 /Home/Order/flow.html
INFO: [ app_init ] --START--
INFO: Run Behavior\BuildLiteBehavior [ RunTime:0.000000s ]
INFO: [ app_init ] --END-- [ RunTime:0.003000s ]
INFO: [ app_begin ] --START--
INFO: Run Behavior\ReadHtmlCacheBehavior [ RunTime:0.005000s ]
INFO: [ app_begin ] --END-- [ RunTime:0.005000s ]
SQL: SHOW COLUMNS FROM `it_cart` [ RunTime:0.0230s ]
SQL: SELECT * FROM `it_cart` WHERE ( user_id=8 )  [ RunTime:0.0020s ]
SQL: SHOW COLUMNS FROM `it_goods` [ RunTime:0.0310s ]
SQL: SELECT `id`,`goods_name`,`goods_thumb`,`shop_price` FROM `it_goods` WHERE ( id=2 ) LIMIT 1   [ RunTime:0.0030s ]
SQL: select  group_concat(concat(b.attr_name,':',a.attr_value) separator '<br/>')  as attrs
                from it_goods_attr  a left join it_attribute   b  on  a.goods_attr_id=b.id where a.goods_id=2 and a.id in(17,23) [ RunTime:0.0110s ]
SQL: SHOW COLUMNS FROM `it_order` [ RunTime:0.0330s ]
SQL: INSERT INTO `it_order` (`order_sn`,`user_id`,`order_amount`,`consignee`,`address`,`mobile`,`pay_name`,`shipping_name`,`add_time`) VALUES ('SN_2E3D471492844946','8','5128','','','','0','1','1492844948') [ RunTime:0.0010s ]
SQL: SELECT * FROM `it_cart` WHERE ( user_id=8 )  [ RunTime:0.0020s ]
SQL: SELECT `id`,`goods_name`,`goods_thumb`,`shop_price` FROM `it_goods` WHERE ( id=2 ) LIMIT 1   [ RunTime:0.0020s ]
SQL: select  group_concat(concat(b.attr_name,':',a.attr_value) separator '<br/>')  as attrs
                from it_goods_attr  a left join it_attribute   b  on  a.goods_attr_id=b.id where a.goods_id=2 and a.id in(17,23) [ RunTime:0.0030s ]
SQL: SHOW COLUMNS FROM `it_order_goods` [ RunTime:0.0240s ]
SQL: INSERT INTO `it_order_goods` (`order_id`,`goods_name`,`shop_price`,`goods_attr_id`,`goods_count`) VALUES ('2','iphone 7','5128.00','17,23','1') [ RunTime:0.0020s ]
SQL: DELETE FROM `it_cart` WHERE ( user_id=8 ) [ RunTime:0.0020s ]
INFO: [ view_parse ] --START--
INFO: [ template_filter ] --START--
INFO: Run Behavior\ContentReplaceBehavior [ RunTime:0.001000s ]
INFO: [ template_filter ] --END-- [ RunTime:0.001000s ]
INFO: Run Behavior\ParseTemplateBehavior [ RunTime:0.067004s ]
INFO: [ view_parse ] --END-- [ RunTime:0.067004s ]
INFO: [ view_filter ] --START--
INFO: Run Behavior\WriteHtmlCacheBehavior [ RunTime:0.002000s ]
INFO: [ view_filter ] --END-- [ RunTime:0.003000s ]
INFO: [ app_end ] --START--
INFO: Run Behavior\ShowPageTraceBehavior [ RunTime:0.004001s ]
INFO: [ app_end ] --END-- [ RunTime:0.005001s ]

[ 2017-04-22T17:21:12+08:00 ] 127.0.0.1 /
INFO: [ app_init ] --START--
INFO: Run Behavior\BuildLiteBehavior [ RunTime:0.001000s ]
INFO: [ app_init ] --END-- [ RunTime:0.005000s ]
INFO: [ app_begin ] --START--
INFO: Run Behavior\ReadHtmlCacheBehavior [ RunTime:0.007000s ]
INFO: [ app_begin ] --END-- [ RunTime:0.007000s ]
SQL: SHOW COLUMNS FROM `it_goods` [ RunTime:0.0350s ]
NOTIC: [8] Undefined variable: sum D:\WWW\ecshop\App\Admin\Model\GoodsModel.class.php 第 104 行.
SQL: SELECT `id`,`goods_name`,`goods_thumb`,`shop_price` FROM `it_goods` WHERE ( is_new=1 and is_sale=1 and is_delete=0 ) ORDER BY id desc  [ RunTime:0.0030s ]
NOTIC: [8] Undefined variable: sum D:\WWW\ecshop\App\Admin\Model\GoodsModel.class.php 第 104 行.
SQL: SELECT `id`,`goods_name`,`goods_thumb`,`shop_price` FROM `it_goods` WHERE ( is_hot=1 and is_sale=1 and is_delete=0 ) ORDER BY id desc  [ RunTime:0.0020s ]
NOTIC: [8] Undefined variable: sum D:\WWW\ecshop\App\Admin\Model\GoodsModel.class.php 第 104 行.
SQL: SELECT `id`,`goods_name`,`goods_thumb`,`shop_price` FROM `it_goods` WHERE ( is_best=1 and is_sale=1 and is_delete=0 ) ORDER BY id desc  [ RunTime:0.0020s ]
SQL: SHOW COLUMNS FROM `it_category` [ RunTime:0.0330s ]
SQL: SELECT * FROM `it_category`  [ RunTime:0.0020s ]
INFO: [ view_parse ] --START--
INFO: [ template_filter ] --START--
INFO: Run Behavior\ContentReplaceBehavior [ RunTime:0.002000s ]
INFO: [ template_filter ] --END-- [ RunTime:0.002000s ]
INFO: Run Behavior\ParseTemplateBehavior [ RunTime:0.215012s ]
INFO: [ view_parse ] --END-- [ RunTime:0.215012s ]
INFO: [ view_filter ] --START--
INFO: Run Behavior\WriteHtmlCacheBehavior [ RunTime:0.004000s ]
INFO: [ view_filter ] --END-- [ RunTime:0.004000s ]
INFO: [ app_end ] --START--
INFO: Run Behavior\ShowPageTraceBehavior [ RunTime:0.005001s ]
INFO: [ app_end ] --END-- [ RunTime:0.007001s ]

