[ 2017-04-27T22:29:30+08:00 ] 127.0.0.1 /
INFO: [ app_init ] --START--
INFO: Run Behavior\BuildLiteBehavior [ RunTime:0.000000s ]
INFO: [ app_init ] --END-- [ RunTime:0.029001s ]
INFO: [ app_begin ] --START--
INFO: Run Behavior\ReadHtmlCacheBehavior [ RunTime:0.030001s ]
INFO: [ app_begin ] --END-- [ RunTime:0.030001s ]
SQL: SHOW COLUMNS FROM `it_goods` [ RunTime:0.2360s ]
NOTIC: [8] Undefined variable: sum D:\WWW\ecshop\App\Admin\Model\GoodsModel.class.php 第 104 行.
SQL: SELECT `id`,`goods_name`,`goods_thumb`,`shop_price` FROM `it_goods` WHERE ( is_new=1 and is_sale=1 and is_delete=0 ) ORDER BY id desc  [ RunTime:0.0260s ]
NOTIC: [8] Undefined variable: sum D:\WWW\ecshop\App\Admin\Model\GoodsModel.class.php 第 104 行.
SQL: SELECT `id`,`goods_name`,`goods_thumb`,`shop_price` FROM `it_goods` WHERE ( is_hot=1 and is_sale=1 and is_delete=0 ) ORDER BY id desc  [ RunTime:0.0020s ]
NOTIC: [8] Undefined variable: sum D:\WWW\ecshop\App\Admin\Model\GoodsModel.class.php 第 104 行.
SQL: SELECT `id`,`goods_name`,`goods_thumb`,`shop_price` FROM `it_goods` WHERE ( is_best=1 and is_sale=1 and is_delete=0 ) ORDER BY id desc  [ RunTime:0.0010s ]
SQL: SHOW COLUMNS FROM `it_category` [ RunTime:0.0330s ]
SQL: SELECT * FROM `it_category`  [ RunTime:0.0020s ]
INFO: [ view_parse ] --START--
INFO: [ template_filter ] --START--
INFO: Run Behavior\ContentReplaceBehavior [ RunTime:0.001000s ]
INFO: [ template_filter ] --END-- [ RunTime:0.002000s ]
INFO: Run Behavior\ParseTemplateBehavior [ RunTime:0.366021s ]
INFO: [ view_parse ] --END-- [ RunTime:0.366021s ]
INFO: [ view_filter ] --START--
INFO: Run Behavior\WriteHtmlCacheBehavior [ RunTime:0.036002s ]
INFO: [ view_filter ] --END-- [ RunTime:0.036002s ]
INFO: [ app_end ] --START--
INFO: Run Behavior\ShowPageTraceBehavior [ RunTime:0.017001s ]
INFO: [ app_end ] --END-- [ RunTime:0.018001s ]

